Start testing: Aug 25 15:31 CST
----------------------------------------------------------
1/169 Testing: t_wrapping_ints_cmp
1/169 Test: t_wrapping_ints_cmp
Command: "/home/name/git_files/build/tests/wrapping_integers_cmp"
Directory: /home/name/git_files/build
"t_wrapping_ints_cmp" start time: Aug 25 15:31 CST
Output:
----------------------------------------------------------
<end of output>
Test time =   0.00 sec
----------------------------------------------------------
Test Passed.
"t_wrapping_ints_cmp" end time: Aug 25 15:31 CST
"t_wrapping_ints_cmp" time elapsed: 00:00:00
----------------------------------------------------------

2/169 Testing: t_wrapping_ints_unwrap
2/169 Test: t_wrapping_ints_unwrap
Command: "/home/name/git_files/build/tests/wrapping_integers_unwrap"
Directory: /home/name/git_files/build
"t_wrapping_ints_unwrap" start time: Aug 25 15:31 CST
Output:
----------------------------------------------------------
<end of output>
Test time =   0.00 sec
----------------------------------------------------------
Test Passed.
"t_wrapping_ints_unwrap" end time: Aug 25 15:31 CST
"t_wrapping_ints_unwrap" time elapsed: 00:00:00
----------------------------------------------------------

3/169 Testing: t_wrapping_ints_wrap
3/169 Test: t_wrapping_ints_wrap
Command: "/home/name/git_files/build/tests/wrapping_integers_wrap"
Directory: /home/name/git_files/build
"t_wrapping_ints_wrap" start time: Aug 25 15:31 CST
Output:
----------------------------------------------------------
<end of output>
Test time =   0.00 sec
----------------------------------------------------------
Test Passed.
"t_wrapping_ints_wrap" end time: Aug 25 15:31 CST
"t_wrapping_ints_wrap" time elapsed: 00:00:00
----------------------------------------------------------

4/169 Testing: t_wrapping_ints_roundtrip
4/169 Test: t_wrapping_ints_roundtrip
Command: "/home/name/git_files/build/tests/wrapping_integers_roundtrip"
Directory: /home/name/git_files/build
"t_wrapping_ints_roundtrip" start time: Aug 25 15:31 CST
Output:
----------------------------------------------------------
<end of output>
Test time =   0.09 sec
----------------------------------------------------------
Test Passed.
"t_wrapping_ints_roundtrip" end time: Aug 25 15:31 CST
"t_wrapping_ints_roundtrip" time elapsed: 00:00:00
----------------------------------------------------------

5/169 Testing: t_recv_connect
5/169 Test: t_recv_connect
Command: "/home/name/git_files/build/tests/recv_connect"
Directory: /home/name/git_files/build
"t_recv_connect" start time: Aug 25 15:31 CST
Output:
----------------------------------------------------------
<end of output>
Test time =   0.00 sec
----------------------------------------------------------
Test Passed.
"t_recv_connect" end time: Aug 25 15:31 CST
"t_recv_connect" time elapsed: 00:00:00
----------------------------------------------------------

6/169 Testing: t_recv_transmit
6/169 Test: t_recv_transmit
Command: "/home/name/git_files/build/tests/recv_transmit"
Directory: /home/name/git_files/build
"t_recv_transmit" start time: Aug 25 15:31 CST
Output:
----------------------------------------------------------
<end of output>
Test time =   0.07 sec
----------------------------------------------------------
Test Passed.
"t_recv_transmit" end time: Aug 25 15:31 CST
"t_recv_transmit" time elapsed: 00:00:00
----------------------------------------------------------

7/169 Testing: t_recv_window
7/169 Test: t_recv_window
Command: "/home/name/git_files/build/tests/recv_window"
Directory: /home/name/git_files/build
"t_recv_window" start time: Aug 25 15:31 CST
Output:
----------------------------------------------------------
<end of output>
Test time =   0.00 sec
----------------------------------------------------------
Test Passed.
"t_recv_window" end time: Aug 25 15:31 CST
"t_recv_window" time elapsed: 00:00:00
----------------------------------------------------------

8/169 Testing: t_recv_reorder
8/169 Test: t_recv_reorder
Command: "/home/name/git_files/build/tests/recv_reorder"
Directory: /home/name/git_files/build
"t_recv_reorder" start time: Aug 25 15:31 CST
Output:
----------------------------------------------------------
<end of output>
Test time =   0.00 sec
----------------------------------------------------------
Test Passed.
"t_recv_reorder" end time: Aug 25 15:31 CST
"t_recv_reorder" time elapsed: 00:00:00
----------------------------------------------------------

9/169 Testing: t_recv_close
9/169 Test: t_recv_close
Command: "/home/name/git_files/build/tests/recv_close"
Directory: /home/name/git_files/build
"t_recv_close" start time: Aug 25 15:31 CST
Output:
----------------------------------------------------------
<end of output>
Test time =   0.00 sec
----------------------------------------------------------
Test Passed.
"t_recv_close" end time: Aug 25 15:31 CST
"t_recv_close" time elapsed: 00:00:00
----------------------------------------------------------

10/169 Testing: t_recv_special
10/169 Test: t_recv_special
Command: "/home/name/git_files/build/tests/recv_special"
Directory: /home/name/git_files/build
"t_recv_special" start time: Aug 25 15:31 CST
Output:
----------------------------------------------------------
<end of output>
Test time =   0.00 sec
----------------------------------------------------------
Test Passed.
"t_recv_special" end time: Aug 25 15:31 CST
"t_recv_special" time elapsed: 00:00:00
----------------------------------------------------------

11/169 Testing: t_send_connect
11/169 Test: t_send_connect
Command: "/home/name/git_files/build/tests/send_connect"
Directory: /home/name/git_files/build
"t_send_connect" start time: Aug 25 15:31 CST
Output:
----------------------------------------------------------
<end of output>
Test time =   0.00 sec
----------------------------------------------------------
Test Passed.
"t_send_connect" end time: Aug 25 15:31 CST
"t_send_connect" time elapsed: 00:00:00
----------------------------------------------------------

12/169 Testing: t_send_transmit
12/169 Test: t_send_transmit
Command: "/home/name/git_files/build/tests/send_transmit"
Directory: /home/name/git_files/build
"t_send_transmit" start time: Aug 25 15:31 CST
Output:
----------------------------------------------------------
<end of output>
Test time =   0.05 sec
----------------------------------------------------------
Test Passed.
"t_send_transmit" end time: Aug 25 15:31 CST
"t_send_transmit" time elapsed: 00:00:00
----------------------------------------------------------

13/169 Testing: t_send_retx
13/169 Test: t_send_retx
Command: "/home/name/git_files/build/tests/send_retx"
Directory: /home/name/git_files/build
"t_send_retx" start time: Aug 25 15:31 CST
Output:
----------------------------------------------------------
<end of output>
Test time =   0.00 sec
----------------------------------------------------------
Test Passed.
"t_send_retx" end time: Aug 25 15:31 CST
"t_send_retx" time elapsed: 00:00:00
----------------------------------------------------------

14/169 Testing: t_send_window
14/169 Test: t_send_window
Command: "/home/name/git_files/build/tests/send_window"
Directory: /home/name/git_files/build
"t_send_window" start time: Aug 25 15:31 CST
Output:
----------------------------------------------------------
<end of output>
Test time =   0.02 sec
----------------------------------------------------------
Test Passed.
"t_send_window" end time: Aug 25 15:31 CST
"t_send_window" time elapsed: 00:00:00
----------------------------------------------------------

15/169 Testing: t_send_ack
15/169 Test: t_send_ack
Command: "/home/name/git_files/build/tests/send_ack"
Directory: /home/name/git_files/build
"t_send_ack" start time: Aug 25 15:31 CST
Output:
----------------------------------------------------------
<end of output>
Test time =   0.00 sec
----------------------------------------------------------
Test Passed.
"t_send_ack" end time: Aug 25 15:31 CST
"t_send_ack" time elapsed: 00:00:00
----------------------------------------------------------

16/169 Testing: t_send_close
16/169 Test: t_send_close
Command: "/home/name/git_files/build/tests/send_close"
Directory: /home/name/git_files/build
"t_send_close" start time: Aug 25 15:31 CST
Output:
----------------------------------------------------------
<end of output>
Test time =   0.00 sec
----------------------------------------------------------
Test Passed.
"t_send_close" end time: Aug 25 15:31 CST
"t_send_close" time elapsed: 00:00:00
----------------------------------------------------------

17/169 Testing: t_send_extra
17/169 Test: t_send_extra
Command: "/home/name/git_files/build/tests/send_extra"
Directory: /home/name/git_files/build
"t_send_extra" start time: Aug 25 15:31 CST
Output:
----------------------------------------------------------
<end of output>
Test time =   0.00 sec
----------------------------------------------------------
Test Passed.
"t_send_extra" end time: Aug 25 15:31 CST
"t_send_extra" time elapsed: 00:00:00
----------------------------------------------------------

18/169 Testing: t_strm_reassem_single
18/169 Test: t_strm_reassem_single
Command: "/home/name/git_files/build/tests/fsm_stream_reassembler_single"
Directory: /home/name/git_files/build
"t_strm_reassem_single" start time: Aug 25 15:31 CST
Output:
----------------------------------------------------------
<end of output>
Test time =   0.00 sec
----------------------------------------------------------
Test Passed.
"t_strm_reassem_single" end time: Aug 25 15:31 CST
"t_strm_reassem_single" time elapsed: 00:00:00
----------------------------------------------------------

19/169 Testing: t_strm_reassem_seq
19/169 Test: t_strm_reassem_seq
Command: "/home/name/git_files/build/tests/fsm_stream_reassembler_seq"
Directory: /home/name/git_files/build
"t_strm_reassem_seq" start time: Aug 25 15:31 CST
Output:
----------------------------------------------------------
<end of output>
Test time =   0.00 sec
----------------------------------------------------------
Test Passed.
"t_strm_reassem_seq" end time: Aug 25 15:31 CST
"t_strm_reassem_seq" time elapsed: 00:00:00
----------------------------------------------------------

20/169 Testing: t_strm_reassem_dup
20/169 Test: t_strm_reassem_dup
Command: "/home/name/git_files/build/tests/fsm_stream_reassembler_dup"
Directory: /home/name/git_files/build
"t_strm_reassem_dup" start time: Aug 25 15:31 CST
Output:
----------------------------------------------------------
<end of output>
Test time =   0.01 sec
----------------------------------------------------------
Test Passed.
"t_strm_reassem_dup" end time: Aug 25 15:31 CST
"t_strm_reassem_dup" time elapsed: 00:00:00
----------------------------------------------------------

21/169 Testing: t_strm_reassem_holes
21/169 Test: t_strm_reassem_holes
Command: "/home/name/git_files/build/tests/fsm_stream_reassembler_holes"
Directory: /home/name/git_files/build
"t_strm_reassem_holes" start time: Aug 25 15:31 CST
Output:
----------------------------------------------------------
<end of output>
Test time =   0.00 sec
----------------------------------------------------------
Test Passed.
"t_strm_reassem_holes" end time: Aug 25 15:31 CST
"t_strm_reassem_holes" time elapsed: 00:00:00
----------------------------------------------------------

22/169 Testing: t_strm_reassem_many
22/169 Test: t_strm_reassem_many
Command: "/home/name/git_files/build/tests/fsm_stream_reassembler_many"
Directory: /home/name/git_files/build
"t_strm_reassem_many" start time: Aug 25 15:31 CST
Output:
----------------------------------------------------------
<end of output>
Test time =   0.07 sec
----------------------------------------------------------
Test Passed.
"t_strm_reassem_many" end time: Aug 25 15:31 CST
"t_strm_reassem_many" time elapsed: 00:00:00
----------------------------------------------------------

23/169 Testing: t_strm_reassem_overlapping
23/169 Test: t_strm_reassem_overlapping
Command: "/home/name/git_files/build/tests/fsm_stream_reassembler_overlapping"
Directory: /home/name/git_files/build
"t_strm_reassem_overlapping" start time: Aug 25 15:31 CST
Output:
----------------------------------------------------------
<end of output>
Test time =   0.00 sec
----------------------------------------------------------
Test Passed.
"t_strm_reassem_overlapping" end time: Aug 25 15:31 CST
"t_strm_reassem_overlapping" time elapsed: 00:00:00
----------------------------------------------------------

24/169 Testing: t_strm_reassem_win
24/169 Test: t_strm_reassem_win
Command: "/home/name/git_files/build/tests/fsm_stream_reassembler_win"
Directory: /home/name/git_files/build
"t_strm_reassem_win" start time: Aug 25 15:31 CST
Output:
----------------------------------------------------------
<end of output>
Test time =   0.07 sec
----------------------------------------------------------
Test Passed.
"t_strm_reassem_win" end time: Aug 25 15:31 CST
"t_strm_reassem_win" time elapsed: 00:00:00
----------------------------------------------------------

25/169 Testing: t_strm_reassem_cap
25/169 Test: t_strm_reassem_cap
Command: "/home/name/git_files/build/tests/fsm_stream_reassembler_cap"
Directory: /home/name/git_files/build
"t_strm_reassem_cap" start time: Aug 25 15:31 CST
Output:
----------------------------------------------------------
<end of output>
Test time =   0.12 sec
----------------------------------------------------------
Test Passed.
"t_strm_reassem_cap" end time: Aug 25 15:31 CST
"t_strm_reassem_cap" time elapsed: 00:00:00
----------------------------------------------------------

26/169 Testing: t_byte_stream_construction
26/169 Test: t_byte_stream_construction
Command: "/home/name/git_files/build/tests/byte_stream_construction"
Directory: /home/name/git_files/build
"t_byte_stream_construction" start time: Aug 25 15:31 CST
Output:
----------------------------------------------------------
<end of output>
Test time =   0.00 sec
----------------------------------------------------------
Test Passed.
"t_byte_stream_construction" end time: Aug 25 15:31 CST
"t_byte_stream_construction" time elapsed: 00:00:00
----------------------------------------------------------

27/169 Testing: t_byte_stream_one_write
27/169 Test: t_byte_stream_one_write
Command: "/home/name/git_files/build/tests/byte_stream_one_write"
Directory: /home/name/git_files/build
"t_byte_stream_one_write" start time: Aug 25 15:31 CST
Output:
----------------------------------------------------------
<end of output>
Test time =   0.00 sec
----------------------------------------------------------
Test Passed.
"t_byte_stream_one_write" end time: Aug 25 15:31 CST
"t_byte_stream_one_write" time elapsed: 00:00:00
----------------------------------------------------------

28/169 Testing: t_byte_stream_two_writes
28/169 Test: t_byte_stream_two_writes
Command: "/home/name/git_files/build/tests/byte_stream_two_writes"
Directory: /home/name/git_files/build
"t_byte_stream_two_writes" start time: Aug 25 15:31 CST
Output:
----------------------------------------------------------
<end of output>
Test time =   0.00 sec
----------------------------------------------------------
Test Passed.
"t_byte_stream_two_writes" end time: Aug 25 15:31 CST
"t_byte_stream_two_writes" time elapsed: 00:00:00
----------------------------------------------------------

29/169 Testing: t_byte_stream_capacity
29/169 Test: t_byte_stream_capacity
Command: "/home/name/git_files/build/tests/byte_stream_capacity"
Directory: /home/name/git_files/build
"t_byte_stream_capacity" start time: Aug 25 15:31 CST
Output:
----------------------------------------------------------
<end of output>
Test time =   0.48 sec
----------------------------------------------------------
Test Passed.
"t_byte_stream_capacity" end time: Aug 25 15:31 CST
"t_byte_stream_capacity" time elapsed: 00:00:00
----------------------------------------------------------

30/169 Testing: t_byte_stream_many_writes
30/169 Test: t_byte_stream_many_writes
Command: "/home/name/git_files/build/tests/byte_stream_many_writes"
Directory: /home/name/git_files/build
"t_byte_stream_many_writes" start time: Aug 25 15:31 CST
Output:
----------------------------------------------------------
<end of output>
Test time =   0.01 sec
----------------------------------------------------------
Test Passed.
"t_byte_stream_many_writes" end time: Aug 25 15:31 CST
"t_byte_stream_many_writes" time elapsed: 00:00:00
----------------------------------------------------------

31/169 Testing: t_webget
31/169 Test: t_webget
Command: "/home/name/git_files/tests/webget_t.sh"
Directory: /home/name/git_files/build
"t_webget" start time: Aug 25 15:31 CST
Output:
----------------------------------------------------------
Function called: get_URL(HTTP/1.1 200 OK
Content-type: text/plain

7SmXqWkrLKzVBCEalbSPqBcvs11Pw263K7x4Wv3JckI
cs144.keithw.org, /nph-hasher/xyzzy).
Warning: get_URL() has not been implemented yet.
<end of output>
Test time =   1.07 sec
----------------------------------------------------------
Test Passed.
"t_webget" end time: Aug 25 15:31 CST
"t_webget" time elapsed: 00:00:01
----------------------------------------------------------

34/169 Testing: t_tcp_parser
34/169 Test: t_tcp_parser
Command: "/home/name/git_files/build/tests/tcp_parser" "/home/name/git_files/tests/ipv4_parser.data"
Directory: /home/name/git_files/build
"t_tcp_parser" start time: Aug 25 15:31 CST
Output:
----------------------------------------------------------
<end of output>
Test time =   0.01 sec
----------------------------------------------------------
Test Passed.
"t_tcp_parser" end time: Aug 25 15:31 CST
"t_tcp_parser" time elapsed: 00:00:00
----------------------------------------------------------

35/169 Testing: t_ipv4_parser
35/169 Test: t_ipv4_parser
Command: "/home/name/git_files/build/tests/ipv4_parser" "/home/name/git_files/tests/ipv4_parser.data"
Directory: /home/name/git_files/build
"t_ipv4_parser" start time: Aug 25 15:31 CST
Output:
----------------------------------------------------------
<end of output>
Test time =   0.00 sec
----------------------------------------------------------
Test Passed.
"t_ipv4_parser" end time: Aug 25 15:31 CST
"t_ipv4_parser" time elapsed: 00:00:00
----------------------------------------------------------

36/169 Testing: t_active_close
36/169 Test: t_active_close
Command: "/home/name/git_files/build/tests/fsm_active_close"
Directory: /home/name/git_files/build
"t_active_close" start time: Aug 25 15:31 CST
Output:
----------------------------------------------------------
<end of output>
Test time =   0.00 sec
----------------------------------------------------------
Test Passed.
"t_active_close" end time: Aug 25 15:31 CST
"t_active_close" time elapsed: 00:00:00
----------------------------------------------------------

37/169 Testing: t_passive_close
37/169 Test: t_passive_close
Command: "/home/name/git_files/build/tests/fsm_passive_close"
Directory: /home/name/git_files/build
"t_passive_close" start time: Aug 25 15:31 CST
Output:
----------------------------------------------------------
<end of output>
Test time =   0.00 sec
----------------------------------------------------------
Test Passed.
"t_passive_close" end time: Aug 25 15:31 CST
"t_passive_close" time elapsed: 00:00:00
----------------------------------------------------------

39/169 Testing: t_ack_rst
39/169 Test: t_ack_rst
Command: "/home/name/git_files/build/tests/fsm_ack_rst_relaxed"
Directory: /home/name/git_files/build
"t_ack_rst" start time: Aug 25 15:31 CST
Output:
----------------------------------------------------------
Test 1
Test 2
Test 3
Warning: Unclean shutdown of TCPConnection
Warning: Unclean shutdown of TCPConnection
Warning: Unclean shutdown of TCPConnection
Warning: Unclean shutdown of TCPConnection
Warning: Unclean shutdown of TCPConnection
Warning: Unclean shutdown of TCPConnection
Warning: Unclean shutdown of TCPConnection
Warning: Unclean shutdown of TCPConnection
Warning: Unclean shutdown of TCPConnection
Test 4
Test 5
Warning: Unclean shutdown of TCPConnection
Warning: Unclean shutdown of TCPConnection
<end of output>
Test time =   0.00 sec
----------------------------------------------------------
Test Passed.
"t_ack_rst" end time: Aug 25 15:31 CST
"t_ack_rst" time elapsed: 00:00:00
----------------------------------------------------------

41/169 Testing: t_ack_rst_win
41/169 Test: t_ack_rst_win
Command: "/home/name/git_files/build/tests/fsm_ack_rst_win_relaxed"
Directory: /home/name/git_files/build
"t_ack_rst_win" start time: Aug 25 15:31 CST
Output:
----------------------------------------------------------
<end of output>
Test time =   0.00 sec
----------------------------------------------------------
Test Passed.
"t_ack_rst_win" end time: Aug 25 15:31 CST
"t_ack_rst_win" time elapsed: 00:00:00
----------------------------------------------------------

43/169 Testing: t_connect
43/169 Test: t_connect
Command: "/home/name/git_files/build/tests/fsm_connect_relaxed"
Directory: /home/name/git_files/build
"t_connect" start time: Aug 25 15:31 CST
Output:
----------------------------------------------------------
Warning: Unclean shutdown of TCPConnection
Warning: Unclean shutdown of TCPConnection
Warning: Unclean shutdown of TCPConnection
<end of output>
Test time =   0.00 sec
----------------------------------------------------------
Test Passed.
"t_connect" end time: Aug 25 15:31 CST
"t_connect" time elapsed: 00:00:00
----------------------------------------------------------

45/169 Testing: t_listen
45/169 Test: t_listen
Command: "/home/name/git_files/build/tests/fsm_listen_relaxed"
Directory: /home/name/git_files/build
"t_listen" start time: Aug 25 15:31 CST
Output:
----------------------------------------------------------
Warning: Unclean shutdown of TCPConnection
<end of output>
Test time =   0.00 sec
----------------------------------------------------------
Test Passed.
"t_listen" end time: Aug 25 15:31 CST
"t_listen" time elapsed: 00:00:00
----------------------------------------------------------

46/169 Testing: t_winsize
46/169 Test: t_winsize
Command: "/home/name/git_files/build/tests/fsm_winsize"
Directory: /home/name/git_files/build
"t_winsize" start time: Aug 25 15:31 CST
Output:
----------------------------------------------------------
Warning: Unclean shutdown of TCPConnection
Warning: Unclean shutdown of TCPConnection
Warning: Unclean shutdown of TCPConnection
Warning: Unclean shutdown of TCPConnection
Warning: Unclean shutdown of TCPConnection
Warning: Unclean shutdown of TCPConnection
Warning: Unclean shutdown of TCPConnection
Warning: Unclean shutdown of TCPConnection
Warning: Unclean shutdown of TCPConnection
Warning: Unclean shutdown of TCPConnection
Warning: Unclean shutdown of TCPConnection
Warning: Unclean shutdown of TCPConnection
Warning: Unclean shutdown of TCPConnection
Warning: Unclean shutdown of TCPConnection
Warning: Unclean shutdown of TCPConnection
Warning: Unclean shutdown of TCPConnection
Warning: Unclean shutdown of TCPConnection
Warning: Unclean shutdown of TCPConnection
Warning: Unclean shutdown of TCPConnection
Warning: Unclean shutdown of TCPConnection
Warning: Unclean shutdown of TCPConnection
Warning: Unclean shutdown of TCPConnection
Warning: Unclean shutdown of TCPConnection
Warning: Unclean shutdown of TCPConnection
Warning: Unclean shutdown of TCPConnection
Warning: Unclean shutdown of TCPConnection
Warning: Unclean shutdown of TCPConnection
Warning: Unclean shutdown of TCPConnection
Warning: Unclean shutdown of TCPConnection
Warning: Unclean shutdown of TCPConnection
Warning: Unclean shutdown of TCPConnection
Warning: Unclean shutdown of TCPConnection
<end of output>
Test time =   0.05 sec
----------------------------------------------------------
Test Passed.
"t_winsize" end time: Aug 25 15:31 CST
"t_winsize" time elapsed: 00:00:00
----------------------------------------------------------

48/169 Testing: t_retx
48/169 Test: t_retx
Command: "/home/name/git_files/build/tests/fsm_retx_relaxed"
Directory: /home/name/git_files/build
"t_retx" start time: Aug 25 15:31 CST
Output:
----------------------------------------------------------
  check_segment
  check_segment
  check_segment
  check_segment
  check_segment
  check_segment
  check_segment
  check_segment
  check_segment
<end of output>
Test time =   0.00 sec
----------------------------------------------------------
Test Passed.
"t_retx" end time: Aug 25 15:31 CST
"t_retx" time elapsed: 00:00:00
----------------------------------------------------------

49/169 Testing: t_retx_win
49/169 Test: t_retx_win
Command: "/home/name/git_files/build/tests/fsm_retx_win"
Directory: /home/name/git_files/build
"t_retx_win" start time: Aug 25 15:31 CST
Output:
----------------------------------------------------------
  check_segment
  check_segment
  check_segment
  check_segment
Warning: Unclean shutdown of TCPConnection
  check_segment
  check_segment
  check_segment
  check_segment
Warning: Unclean shutdown of TCPConnection
  check_segment
  check_segment
  check_segment
  check_segment
Warning: Unclean shutdown of TCPConnection
  check_segment
  check_segment
  check_segment
  check_segment
Warning: Unclean shutdown of TCPConnection
  check_segment
  check_segment
  check_segment
  check_segment
  check_segment
Warning: Unclean shutdown of TCPConnection
  check_segment
  check_segment
  check_segment
  check_segment
  check_segment
  check_segment
Warning: Unclean shutdown of TCPConnection
  check_segment
  check_segment
  check_segment
  check_segment
  check_segment
  check_segment
  check_segment
Warning: Unclean shutdown of TCPConnection
  check_segment
  check_segment
  check_segment
  check_segment
  check_segment
  check_segment
  check_segment
  check_segment
Warning: Unclean shutdown of TCPConnection
  check_segment
  check_segment
  check_segment
  check_segment
  check_segment
  check_segment
  check_segment
  check_segment
  check_segment
Warning: Unclean shutdown of TCPConnection
  check_segment
  check_segment
  check_segment
  check_segment
  check_segment
  check_segment
  check_segment
  check_segment
  check_segment
  check_segment
Warning: Unclean shutdown of TCPConnection
<end of output>
Test time =   0.00 sec
----------------------------------------------------------
Test Passed.
"t_retx_win" end time: Aug 25 15:31 CST
"t_retx_win" time elapsed: 00:00:00
----------------------------------------------------------

50/169 Testing: t_loopback
50/169 Test: t_loopback
Command: "/home/name/git_files/build/tests/fsm_loopback"
Directory: /home/name/git_files/build
"t_loopback" start time: Aug 25 15:31 CST
Output:
----------------------------------------------------------
Warning: Unclean shutdown of TCPConnection
Warning: Unclean shutdown of TCPConnection
Warning: Unclean shutdown of TCPConnection
Warning: Unclean shutdown of TCPConnection
Warning: Unclean shutdown of TCPConnection
Warning: Unclean shutdown of TCPConnection
Warning: Unclean shutdown of TCPConnection
Warning: Unclean shutdown of TCPConnection
Warning: Unclean shutdown of TCPConnection
Warning: Unclean shutdown of TCPConnection
Warning: Unclean shutdown of TCPConnection
Warning: Unclean shutdown of TCPConnection
Warning: Unclean shutdown of TCPConnection
Warning: Unclean shutdown of TCPConnection
Warning: Unclean shutdown of TCPConnection
Warning: Unclean shutdown of TCPConnection
Warning: Unclean shutdown of TCPConnection
Warning: Unclean shutdown of TCPConnection
Warning: Unclean shutdown of TCPConnection
Warning: Unclean shutdown of TCPConnection
Warning: Unclean shutdown of TCPConnection
Warning: Unclean shutdown of TCPConnection
Warning: Unclean shutdown of TCPConnection
Warning: Unclean shutdown of TCPConnection
Warning: Unclean shutdown of TCPConnection
Warning: Unclean shutdown of TCPConnection
Warning: Unclean shutdown of TCPConnection
Warning: Unclean shutdown of TCPConnection
Warning: Unclean shutdown of TCPConnection
Warning: Unclean shutdown of TCPConnection
Warning: Unclean shutdown of TCPConnection
Warning: Unclean shutdown of TCPConnection
Warning: Unclean shutdown of TCPConnection
Warning: Unclean shutdown of TCPConnection
Warning: Unclean shutdown of TCPConnection
Warning: Unclean shutdown of TCPConnection
Warning: Unclean shutdown of TCPConnection
Warning: Unclean shutdown of TCPConnection
Warning: Unclean shutdown of TCPConnection
Warning: Unclean shutdown of TCPConnection
Warning: Unclean shutdown of TCPConnection
Warning: Unclean shutdown of TCPConnection
Warning: Unclean shutdown of TCPConnection
Warning: Unclean shutdown of TCPConnection
Warning: Unclean shutdown of TCPConnection
Warning: Unclean shutdown of TCPConnection
Warning: Unclean shutdown of TCPConnection
Warning: Unclean shutdown of TCPConnection
Warning: Unclean shutdown of TCPConnection
Warning: Unclean shutdown of TCPConnection
Warning: Unclean shutdown of TCPConnection
Warning: Unclean shutdown of TCPConnection
Warning: Unclean shutdown of TCPConnection
Warning: Unclean shutdown of TCPConnection
Warning: Unclean shutdown of TCPConnection
Warning: Unclean shutdown of TCPConnection
Warning: Unclean shutdown of TCPConnection
Warning: Unclean shutdown of TCPConnection
Warning: Unclean shutdown of TCPConnection
Warning: Unclean shutdown of TCPConnection
Warning: Unclean shutdown of TCPConnection
Warning: Unclean shutdown of TCPConnection
Warning: Unclean shutdown of TCPConnection
Warning: Unclean shutdown of TCPConnection
<end of output>
Test time =   0.20 sec
----------------------------------------------------------
Test Passed.
"t_loopback" end time: Aug 25 15:31 CST
"t_loopback" time elapsed: 00:00:00
----------------------------------------------------------

51/169 Testing: t_loopback_win
51/169 Test: t_loopback_win
Command: "/home/name/git_files/build/tests/fsm_loopback_win"
Directory: /home/name/git_files/build
"t_loopback_win" start time: Aug 25 15:31 CST
Output:
----------------------------------------------------------
Warning: Unclean shutdown of TCPConnection
Warning: Unclean shutdown of TCPConnection
Warning: Unclean shutdown of TCPConnection
Warning: Unclean shutdown of TCPConnection
Warning: Unclean shutdown of TCPConnection
Warning: Unclean shutdown of TCPConnection
Warning: Unclean shutdown of TCPConnection
Warning: Unclean shutdown of TCPConnection
Warning: Unclean shutdown of TCPConnection
Warning: Unclean shutdown of TCPConnection
Warning: Unclean shutdown of TCPConnection
Warning: Unclean shutdown of TCPConnection
Warning: Unclean shutdown of TCPConnection
Warning: Unclean shutdown of TCPConnection
Warning: Unclean shutdown of TCPConnection
Warning: Unclean shutdown of TCPConnection
Warning: Unclean shutdown of TCPConnection
Warning: Unclean shutdown of TCPConnection
Warning: Unclean shutdown of TCPConnection
Warning: Unclean shutdown of TCPConnection
Warning: Unclean shutdown of TCPConnection
Warning: Unclean shutdown of TCPConnection
Warning: Unclean shutdown of TCPConnection
Warning: Unclean shutdown of TCPConnection
Warning: Unclean shutdown of TCPConnection
Warning: Unclean shutdown of TCPConnection
Warning: Unclean shutdown of TCPConnection
Warning: Unclean shutdown of TCPConnection
Warning: Unclean shutdown of TCPConnection
Warning: Unclean shutdown of TCPConnection
Warning: Unclean shutdown of TCPConnection
Warning: Unclean shutdown of TCPConnection
<end of output>
Test time =   0.10 sec
----------------------------------------------------------
Test Passed.
"t_loopback_win" end time: Aug 25 15:31 CST
"t_loopback_win" time elapsed: 00:00:00
----------------------------------------------------------

52/169 Testing: t_reorder
52/169 Test: t_reorder
Command: "/home/name/git_files/build/tests/fsm_reorder"
Directory: /home/name/git_files/build
"t_reorder" start time: Aug 25 15:31 CST
Output:
----------------------------------------------------------
Warning: Unclean shutdown of TCPConnection
Warning: Unclean shutdown of TCPConnection
Warning: Unclean shutdown of TCPConnection
Warning: Unclean shutdown of TCPConnection
Warning: Unclean shutdown of TCPConnection
Warning: Unclean shutdown of TCPConnection
Warning: Unclean shutdown of TCPConnection
Warning: Unclean shutdown of TCPConnection
Warning: Unclean shutdown of TCPConnection
Warning: Unclean shutdown of TCPConnection
Warning: Unclean shutdown of TCPConnection
Warning: Unclean shutdown of TCPConnection
Warning: Unclean shutdown of TCPConnection
Warning: Unclean shutdown of TCPConnection
Warning: Unclean shutdown of TCPConnection
Warning: Unclean shutdown of TCPConnection
Warning: Unclean shutdown of TCPConnection
Warning: Unclean shutdown of TCPConnection
Warning: Unclean shutdown of TCPConnection
Warning: Unclean shutdown of TCPConnection
Warning: Unclean shutdown of TCPConnection
Warning: Unclean shutdown of TCPConnection
Warning: Unclean shutdown of TCPConnection
Warning: Unclean shutdown of TCPConnection
Warning: Unclean shutdown of TCPConnection
Warning: Unclean shutdown of TCPConnection
Warning: Unclean shutdown of TCPConnection
Warning: Unclean shutdown of TCPConnection
Warning: Unclean shutdown of TCPConnection
Warning: Unclean shutdown of TCPConnection
Warning: Unclean shutdown of TCPConnection
Warning: Unclean shutdown of TCPConnection
Warning: Unclean shutdown of TCPConnection
Warning: Unclean shutdown of TCPConnection
Warning: Unclean shutdown of TCPConnection
Warning: Unclean shutdown of TCPConnection
Warning: Unclean shutdown of TCPConnection
Warning: Unclean shutdown of TCPConnection
Warning: Unclean shutdown of TCPConnection
Warning: Unclean shutdown of TCPConnection
Warning: Unclean shutdown of TCPConnection
Warning: Unclean shutdown of TCPConnection
Warning: Unclean shutdown of TCPConnection
Warning: Unclean shutdown of TCPConnection
Warning: Unclean shutdown of TCPConnection
Warning: Unclean shutdown of TCPConnection
Warning: Unclean shutdown of TCPConnection
Warning: Unclean shutdown of TCPConnection
Warning: Unclean shutdown of TCPConnection
Warning: Unclean shutdown of TCPConnection
Warning: Unclean shutdown of TCPConnection
Warning: Unclean shutdown of TCPConnection
Warning: Unclean shutdown of TCPConnection
Warning: Unclean shutdown of TCPConnection
Warning: Unclean shutdown of TCPConnection
Warning: Unclean shutdown of TCPConnection
Warning: Unclean shutdown of TCPConnection
Warning: Unclean shutdown of TCPConnection
Warning: Unclean shutdown of TCPConnection
Warning: Unclean shutdown of TCPConnection
Warning: Unclean shutdown of TCPConnection
Warning: Unclean shutdown of TCPConnection
Warning: Unclean shutdown of TCPConnection
Warning: Unclean shutdown of TCPConnection
<end of output>
Test time =   0.16 sec
----------------------------------------------------------
Test Passed.
"t_reorder" end time: Aug 25 15:31 CST
"t_reorder" time elapsed: 00:00:00
----------------------------------------------------------

53/169 Testing: t_address_dt
53/169 Test: t_address_dt
Command: "/home/name/git_files/build/doctests/address_dt"
Directory: /home/name/git_files/build
"t_address_dt" start time: Aug 25 15:31 CST
Output:
----------------------------------------------------------
<end of output>
Test time =   0.01 sec
----------------------------------------------------------
Test Passed.
"t_address_dt" end time: Aug 25 15:31 CST
"t_address_dt" time elapsed: 00:00:00
----------------------------------------------------------

54/169 Testing: t_parser_dt
54/169 Test: t_parser_dt
Command: "/home/name/git_files/build/doctests/parser_dt"
Directory: /home/name/git_files/build
"t_parser_dt" start time: Aug 25 15:31 CST
Output:
----------------------------------------------------------
<end of output>
Test time =   0.00 sec
----------------------------------------------------------
Test Passed.
"t_parser_dt" end time: Aug 25 15:31 CST
"t_parser_dt" time elapsed: 00:00:00
----------------------------------------------------------

55/169 Testing: t_socket_dt
55/169 Test: t_socket_dt
Command: "/home/name/git_files/build/doctests/socket_dt"
Directory: /home/name/git_files/build
"t_socket_dt" start time: Aug 25 15:31 CST
Output:
----------------------------------------------------------
<end of output>
Test time =   0.00 sec
----------------------------------------------------------
Test Passed.
"t_socket_dt" end time: Aug 25 15:31 CST
"t_socket_dt" time elapsed: 00:00:00
----------------------------------------------------------

56/169 Testing: t_udp_client_send
56/169 Test: t_udp_client_send
Command: "/home/name/git_files/txrx.sh" "-ucS"
Directory: /home/name/git_files/build
"t_udp_client_send" start time: Aug 25 15:31 CST
Output:
----------------------------------------------------------
DEBUG: Listening for incoming connection...
DEBUG: Connecting to 169.254.144.1:24027...
Successfully connected to 169.254.144.1:24027.
New connection from 169.254.144.1:56076.
DEBUG: Outbound stream to 169.254.144.1:56076 finished (DEBUG: Outbound stream to 1169.254.144.1:24027 finished ( byte still in flight).
33 bytes still in flight).
DEBUG: Inbound stream from 169.254.144.1:24027 finished cleanly.
DEBUG: Inbound stream from 169.254.144.1:56076 finished cleanly.
DEBUG: Outbound stream to DEBUG: Outbound stream to 169.254.144.1:56076169.254.144.1:24027 has been fully acknowledged.
 has been fully acknowledged.
DEBUG: Waiting for clean shutdown... DEBUG: Waiting for clean shutdown... DEBUG: TCP connection finished cleanly.
done.
DEBUG: TCP connection finished cleanly.
done.
<end of output>
Test time =   0.25 sec
----------------------------------------------------------
Test Passed.
"t_udp_client_send" end time: Aug 25 15:31 CST
"t_udp_client_send" time elapsed: 00:00:00
----------------------------------------------------------

57/169 Testing: t_udp_server_send
57/169 Test: t_udp_server_send
Command: "/home/name/git_files/txrx.sh" "-usS"
Directory: /home/name/git_files/build
"t_udp_server_send" start time: Aug 25 15:31 CST
Output:
----------------------------------------------------------
DEBUG: Listening for incoming connection...
DEBUG: Connecting to 169.254.144.1:31749...
Successfully connected to 169.254.144.1:31749.
New connection from 169.254.144.1:45236.
DEBUG: Outbound stream to 169.254.144.1:31749 finished (1 byte still in flight).
DEBUG: Inbound stream from 169.254.144.1:45236 finished cleanly.
DEBUG: Outbound stream to 169.254.144.1:31749 has been fully acknowledged.
DEBUG: Outbound stream to 169.254.144.1:45236 finished (33 bytes still in flight).
DEBUG: Waiting for clean shutdown... DEBUG: Inbound stream from 169.254.144.1:31749 finished cleanly.
DEBUG: Waiting for lingering segments (e.g. retransmissions of FIN) from peer...
DEBUG: Outbound stream to 169.254.144.1:45236 has been fully acknowledged.
DEBUG: TCP connection finished cleanly.
done.
DEBUG: Waiting for clean shutdown... DEBUG: TCP connection finished cleanly.
done.
<end of output>
Test time =   0.23 sec
----------------------------------------------------------
Test Passed.
"t_udp_server_send" end time: Aug 25 15:31 CST
"t_udp_server_send" time elapsed: 00:00:00
----------------------------------------------------------

58/169 Testing: t_udp_client_recv
58/169 Test: t_udp_client_recv
Command: "/home/name/git_files/txrx.sh" "-ucR"
Directory: /home/name/git_files/build
"t_udp_client_recv" start time: Aug 25 15:31 CST
Output:
----------------------------------------------------------
DEBUG: Listening for incoming connection...
DEBUG: Connecting to 169.254.144.1:4429...
Successfully connected to 169.254.144.1:4429.
New connection from 169.254.144.1:40135.
DEBUG: Outbound stream to 169.254.144.1:4429 finished (1 byte still in flight).
DEBUG: Inbound stream from 169.254.144.1:40135 finished cleanly.
DEBUG: Outbound stream to 169.254.144.1:4429 has been fully acknowledged.
DEBUG: Outbound stream to 169.254.144.1:40135 finished (33 bytes still in flight).
DEBUG: Inbound stream from 169.254.144.1:4429 finished cleanly.
DEBUG: Waiting for lingering segments (e.g. retransmissions of FIN) from peer...
DEBUG: Waiting for clean shutdown... DEBUG: Outbound stream to 169.254.144.1:40135 has been fully acknowledged.
DEBUG: TCP connection finished cleanly.
done.
DEBUG: Waiting for clean shutdown... DEBUG: TCP connection finished cleanly.
done.
<end of output>
Test time =   0.23 sec
----------------------------------------------------------
Test Passed.
"t_udp_client_recv" end time: Aug 25 15:31 CST
"t_udp_client_recv" time elapsed: 00:00:00
----------------------------------------------------------

59/169 Testing: t_udp_server_recv
59/169 Test: t_udp_server_recv
Command: "/home/name/git_files/txrx.sh" "-usR"
Directory: /home/name/git_files/build
"t_udp_server_recv" start time: Aug 25 15:31 CST
Output:
----------------------------------------------------------
DEBUG: Listening for incoming connection...
DEBUG: Connecting to 169.254.144.1:31662...
Successfully connected to 169.254.144.1:31662.
New connection from 169.254.144.1:59997.
DEBUG: Outbound stream to DEBUG: Outbound stream to 169.254.144.1:31662 finished (169.254.144.1:59997 finished (33 bytes still in flight).
1 byte still in flight).
DEBUG: Inbound stream from 169.254.144.1:31662 finished cleanly.
DEBUG: Inbound stream from 169.254.144.1:59997 finished cleanly.
DEBUG: Outbound stream to DEBUG: Outbound stream to 169.254.144.1:59997169.254.144.1:31662 has been fully acknowledged.
 has been fully acknowledged.
DEBUG: Waiting for clean shutdown... DEBUG: Waiting for clean shutdown... DEBUG: TCP connection finished cleanly.
done.
DEBUG: TCP connection finished cleanly.
done.
<end of output>
Test time =   0.23 sec
----------------------------------------------------------
Test Passed.
"t_udp_server_recv" end time: Aug 25 15:31 CST
"t_udp_server_recv" time elapsed: 00:00:00
----------------------------------------------------------

60/169 Testing: t_udp_client_dupl
60/169 Test: t_udp_client_dupl
Command: "/home/name/git_files/txrx.sh" "-ucD"
Directory: /home/name/git_files/build
"t_udp_client_dupl" start time: Aug 25 15:31 CST
Output:
----------------------------------------------------------
DEBUG: Listening for incoming connection...
DEBUG: Connecting to 169.254.144.1:33610...
Successfully connected to 169.254.144.1:33610.
New connection from 169.254.144.1:42894.
DEBUG: Outbound stream to 169.254.144.1:33610 finished (33 bytes still in flight).
DEBUG: Inbound stream from 169.254.144.1:42894 finished cleanly.
DEBUG: Outbound stream to 169.254.144.1:33610 has been fully acknowledged.
DEBUG: Outbound stream to 169.254.144.1:42894 finished (33 bytes still in flight).
DEBUG: Inbound stream from 169.254.144.1:33610 finished cleanly.
DEBUG: Waiting for lingering segments (e.g. retransmissions of FIN) from peer...
DEBUG: Outbound stream to 169.254.144.1:42894 has been fully acknowledged.
DEBUG: TCP connection finished cleanly.
DEBUG: Waiting for clean shutdown... done.
DEBUG: Waiting for clean shutdown... DEBUG: TCP connection finished cleanly.
done.
<end of output>
Test time =   0.24 sec
----------------------------------------------------------
Test Passed.
"t_udp_client_dupl" end time: Aug 25 15:31 CST
"t_udp_client_dupl" time elapsed: 00:00:00
----------------------------------------------------------

61/169 Testing: t_udp_server_dupl
61/169 Test: t_udp_server_dupl
Command: "/home/name/git_files/txrx.sh" "-usD"
Directory: /home/name/git_files/build
"t_udp_server_dupl" start time: Aug 25 15:31 CST
Output:
----------------------------------------------------------
DEBUG: Listening for incoming connection...
DEBUG: Connecting to 169.254.144.1:23472...
Successfully connected to 169.254.144.1:23472.
New connection from 169.254.144.1:46142.
DEBUG: Outbound stream to 169.254.144.1:23472 finished (33 bytes still in flight).
DEBUG: Inbound stream from 169.254.144.1:46142 finished cleanly.
DEBUG: Outbound stream to 169.254.144.1:23472 has been fully acknowledged.
DEBUG: Outbound stream to 169.254.144.1:46142 finished (33 bytes still in flight).
DEBUG: Inbound stream from 169.254.144.1:23472 finished cleanly.
DEBUG: Waiting for lingering segments (e.g. retransmissions of FIN) from peer...
DEBUG: Outbound stream to 169.254.144.1:46142 has been fully acknowledged.
DEBUG: TCP connection finished cleanly.
DEBUG: Waiting for clean shutdown... DEBUG: Waiting for clean shutdown... done.
DEBUG: TCP connection finished cleanly.
done.
<end of output>
Test time =   0.24 sec
----------------------------------------------------------
Test Passed.
"t_udp_server_dupl" end time: Aug 25 15:31 CST
"t_udp_server_dupl" time elapsed: 00:00:00
----------------------------------------------------------

62/169 Testing: t_ucS_1M_32k
62/169 Test: t_ucS_1M_32k
Command: "/home/name/git_files/txrx.sh" "-ucSd" "1M" "-w" "32K"
Directory: /home/name/git_files/build
"t_ucS_1M_32k" start time: Aug 25 15:31 CST
Output:
----------------------------------------------------------
DEBUG: Listening for incoming connection...
DEBUG: Connecting to 169.254.144.1:15281...
Successfully connected to 169.254.144.1:15281.
New connection from 169.254.144.1:52308.
DEBUG: Outbound stream to 169.254.144.1:52308 finished (1 byte still in flight).
DEBUG: Inbound stream from 169.254.144.1:15281 finished cleanly.
DEBUG: Outbound stream to 169.254.144.1:52308 has been fully acknowledged.
DEBUG: Waiting for clean shutdown... DEBUG: Outbound stream to 169.254.144.1:15281 finished (31768 bytes still in flight).
DEBUG: Inbound stream from 169.254.144.1:52308 finished cleanly.
DEBUG: Waiting for lingering segments (e.g. retransmissions of FIN) from peer...
DEBUG: Outbound stream to 169.254.144.1:15281 has been fully acknowledged.
DEBUG: TCP connection finished cleanly.
done.
DEBUG: Waiting for clean shutdown... DEBUG: TCP connection finished cleanly.
done.
<end of output>
Test time =   0.32 sec
----------------------------------------------------------
Test Passed.
"t_ucS_1M_32k" end time: Aug 25 15:31 CST
"t_ucS_1M_32k" time elapsed: 00:00:00
----------------------------------------------------------

63/169 Testing: t_ucS_128K_8K
63/169 Test: t_ucS_128K_8K
Command: "/home/name/git_files/txrx.sh" "-ucSd" "128K" "-w" "8K"
Directory: /home/name/git_files/build
"t_ucS_128K_8K" start time: Aug 25 15:31 CST
Output:
----------------------------------------------------------
DEBUG: Listening for incoming connection...
DEBUG: Connecting to 169.254.144.1:14870...
Successfully connected to 169.254.144.1:14870.
New connection from 169.254.144.1:53730.
DEBUG: Outbound stream to 169.254.144.1:53730 finished (1 byte still in flight).
DEBUG: Inbound stream from 169.254.144.1:14870 finished cleanly.
DEBUG: Outbound stream to 169.254.144.1:53730 has been fully acknowledged.
DEBUG: Waiting for clean shutdown... DEBUG: Outbound stream to 169.254.144.1:14870 finished (7192 bytes still in flight).
DEBUG: Inbound stream from 169.254.144.1:53730 finished cleanly.
DEBUG: Waiting for lingering segments (e.g. retransmissions of FIN) from peer...
DEBUG: Outbound stream to 169.254.144.1:14870 has been fully acknowledged.
DEBUG: TCP connection finished cleanly.
done.
DEBUG: Waiting for clean shutdown... DEBUG: TCP connection finished cleanly.
done.
<end of output>
Test time =   0.25 sec
----------------------------------------------------------
Test Passed.
"t_ucS_128K_8K" end time: Aug 25 15:31 CST
"t_ucS_128K_8K" time elapsed: 00:00:00
----------------------------------------------------------

64/169 Testing: t_ucS_16_1
64/169 Test: t_ucS_16_1
Command: "/home/name/git_files/txrx.sh" "-ucSd" "16" "-w" "1"
Directory: /home/name/git_files/build
"t_ucS_16_1" start time: Aug 25 15:31 CST
Output:
----------------------------------------------------------
DEBUG: Listening for incoming connection...
DEBUG: Connecting to 169.254.144.1:22228...
Successfully connected to 169.254.144.1:22228.
New connection from 169.254.144.1:50373.
DEBUG: Outbound stream to 169.254.144.1:22228 finished (1 byte still in flight).
DEBUG: Outbound stream to 169.254.144.1:50373 finished (1 byte still in flight).
DEBUG: Inbound stream from 169.254.144.1:22228 finished cleanly.
DEBUG: Outbound stream to 169.254.144.1:50373 has been fully acknowledged.
DEBUG: Waiting for clean shutdown... DEBUG: Inbound stream from 169.254.144.1:50373 finished cleanly.
DEBUG: Waiting for lingering segments (e.g. retransmissions of FIN) from peer...
DEBUG: Outbound stream to 169.254.144.1:22228 has been fully acknowledged.
DEBUG: TCP connection finished cleanly.
done.
DEBUG: Waiting for clean shutdown... DEBUG: TCP connection finished cleanly.
done.
<end of output>
Test time =   0.24 sec
----------------------------------------------------------
Test Passed.
"t_ucS_16_1" end time: Aug 25 15:31 CST
"t_ucS_16_1" time elapsed: 00:00:00
----------------------------------------------------------

65/169 Testing: t_ucS_32K_d
65/169 Test: t_ucS_32K_d
Command: "/home/name/git_files/txrx.sh" "-ucSd" "32K"
Directory: /home/name/git_files/build
"t_ucS_32K_d" start time: Aug 25 15:31 CST
Output:
----------------------------------------------------------
DEBUG: Listening for incoming connection...
DEBUG: Connecting to 169.254.144.1:28003...
Successfully connected to 169.254.144.1:28003.
New connection from 169.254.144.1:40647.
DEBUG: Outbound stream to 169.254.144.1:40647 finished (1 byte still in flight).
DEBUG: Inbound stream from 169.254.144.1:28003 finished cleanly.
DEBUG: Outbound stream to 169.254.144.1:40647 has been fully acknowledged.
DEBUG: Waiting for clean shutdown... DEBUG: Outbound stream to 169.254.144.1:28003 finished (32769 bytes still in flight).
DEBUG: Inbound stream from 169.254.144.1:40647 finished cleanly.
DEBUG: Waiting for lingering segments (e.g. retransmissions of FIN) from peer...
DEBUG: Outbound stream to 169.254.144.1:28003 has been fully acknowledged.
DEBUG: TCP connection finished cleanly.
done.
DEBUG: Waiting for clean shutdown... DEBUG: TCP connection finished cleanly.
done.
<end of output>
Test time =   0.24 sec
----------------------------------------------------------
Test Passed.
"t_ucS_32K_d" end time: Aug 25 15:31 CST
"t_ucS_32K_d" time elapsed: 00:00:00
----------------------------------------------------------

66/169 Testing: t_ucR_1M_32k
66/169 Test: t_ucR_1M_32k
Command: "/home/name/git_files/txrx.sh" "-ucRd" "1M" "-w" "32K"
Directory: /home/name/git_files/build
"t_ucR_1M_32k" start time: Aug 25 15:31 CST
Output:
----------------------------------------------------------
DEBUG: Listening for incoming connection...
DEBUG: Connecting to 169.254.144.1:33757...
Successfully connected to 169.254.144.1:33757.
New connection from 169.254.144.1:58209.
DEBUG: Outbound stream to 169.254.144.1:33757 finished (1 byte still in flight).
DEBUG: Inbound stream from 169.254.144.1:58209 finished cleanly.
DEBUG: Outbound stream to 169.254.144.1:33757 has been fully acknowledged.
DEBUG: Waiting for clean shutdown... DEBUG: Outbound stream to 169.254.144.1:58209 finished (31768 bytes still in flight).
DEBUG: Inbound stream from 169.254.144.1:33757 finished cleanly.
DEBUG: Waiting for lingering segments (e.g. retransmissions of FIN) from peer...
DEBUG: Outbound stream to 169.254.144.1:58209 has been fully acknowledged.
DEBUG: TCP connection finished cleanly.
done.
DEBUG: Waiting for clean shutdown... DEBUG: TCP connection finished cleanly.
done.
<end of output>
Test time =   0.27 sec
----------------------------------------------------------
Test Passed.
"t_ucR_1M_32k" end time: Aug 25 15:31 CST
"t_ucR_1M_32k" time elapsed: 00:00:00
----------------------------------------------------------

67/169 Testing: t_ucR_128K_8K
67/169 Test: t_ucR_128K_8K
Command: "/home/name/git_files/txrx.sh" "-ucRd" "128K" "-w" "8K"
Directory: /home/name/git_files/build
"t_ucR_128K_8K" start time: Aug 25 15:31 CST
Output:
----------------------------------------------------------
DEBUG: Listening for incoming connection...
DEBUG: Connecting to 169.254.144.1:2767...
Successfully connected to 169.254.144.1:2767.
New connection from 169.254.144.1:47154.
DEBUG: Outbound stream to 169.254.144.1:2767 finished (1 byte still in flight).
DEBUG: Inbound stream from 169.254.144.1:47154 finished cleanly.
DEBUG: Outbound stream to 169.254.144.1:2767 has been fully acknowledged.
DEBUG: Waiting for clean shutdown... DEBUG: Outbound stream to 169.254.144.1:47154 finished (7192 bytes still in flight).
DEBUG: Inbound stream from 169.254.144.1:2767 finished cleanly.
DEBUG: Waiting for lingering segments (e.g. retransmissions of FIN) from peer...
DEBUG: Outbound stream to 169.254.144.1:47154 has been fully acknowledged.
DEBUG: TCP connection finished cleanly.
done.
DEBUG: Waiting for clean shutdown... DEBUG: TCP connection finished cleanly.
done.
<end of output>
Test time =   0.24 sec
----------------------------------------------------------
Test Passed.
"t_ucR_128K_8K" end time: Aug 25 15:31 CST
"t_ucR_128K_8K" time elapsed: 00:00:00
----------------------------------------------------------

68/169 Testing: t_ucR_16_1
68/169 Test: t_ucR_16_1
Command: "/home/name/git_files/txrx.sh" "-ucRd" "16" "-w" "1"
Directory: /home/name/git_files/build
"t_ucR_16_1" start time: Aug 25 15:31 CST
Output:
----------------------------------------------------------
DEBUG: Listening for incoming connection...
DEBUG: Connecting to 169.254.144.1:1373...
Successfully connected to 169.254.144.1:1373.
New connection from 169.254.144.1:34612.
DEBUG: Outbound stream to 169.254.144.1:1373 finished (1 byte still in flight).
DEBUG: Inbound stream from 169.254.144.1:34612 finished cleanly.
DEBUG: Outbound stream to 169.254.144.1:1373 has been fully acknowledged.
DEBUG: Outbound stream to 169.254.144.1:34612 finished (1 byte still in flight).
DEBUG: Waiting for clean shutdown... DEBUG: Inbound stream from 169.254.144.1:1373 finished cleanly.
DEBUG: Waiting for lingering segments (e.g. retransmissions of FIN) from peer...
DEBUG: Outbound stream to 169.254.144.1:34612 has been fully acknowledged.
DEBUG: TCP connection finished cleanly.
done.
DEBUG: Waiting for clean shutdown... DEBUG: TCP connection finished cleanly.
done.
<end of output>
Test time =   0.24 sec
----------------------------------------------------------
Test Passed.
"t_ucR_16_1" end time: Aug 25 15:31 CST
"t_ucR_16_1" time elapsed: 00:00:00
----------------------------------------------------------

69/169 Testing: t_ucR_32K_d
69/169 Test: t_ucR_32K_d
Command: "/home/name/git_files/txrx.sh" "-ucRd" "32K"
Directory: /home/name/git_files/build
"t_ucR_32K_d" start time: Aug 25 15:31 CST
Output:
----------------------------------------------------------
DEBUG: Listening for incoming connection...
DEBUG: Connecting to 169.254.144.1:8168...
Successfully connected to 169.254.144.1:8168.
New connection from 169.254.144.1:50896.
DEBUG: Outbound stream to 169.254.144.1:8168 finished (1 byte still in flight).
DEBUG: Inbound stream from 169.254.144.1:50896 finished cleanly.
DEBUG: Outbound stream to 169.254.144.1:8168 has been fully acknowledged.
DEBUG: Waiting for clean shutdown... DEBUG: Outbound stream to 169.254.144.1:50896 finished (32769 bytes still in flight).
DEBUG: Inbound stream from 169.254.144.1:8168 finished cleanly.
DEBUG: Waiting for lingering segments (e.g. retransmissions of FIN) from peer...
DEBUG: Outbound stream to 169.254.144.1:50896 has been fully acknowledged.
DEBUG: TCP connection finished cleanly.
done.
DEBUG: Waiting for clean shutdown... DEBUG: TCP connection finished cleanly.
done.
<end of output>
Test time =   0.24 sec
----------------------------------------------------------
Test Passed.
"t_ucR_32K_d" end time: Aug 25 15:31 CST
"t_ucR_32K_d" time elapsed: 00:00:00
----------------------------------------------------------

70/169 Testing: t_ucD_1M_32k
70/169 Test: t_ucD_1M_32k
Command: "/home/name/git_files/txrx.sh" "-ucDd" "1M" "-w" "32K"
Directory: /home/name/git_files/build
"t_ucD_1M_32k" start time: Aug 25 15:31 CST
Output:
----------------------------------------------------------
DEBUG: Listening for incoming connection...
DEBUG: Connecting to 169.254.144.1:3944...
Successfully connected to 169.254.144.1:3944.
New connection from 169.254.144.1:55270.
DEBUG: Outbound stream to 169.254.144.1:3944 finished (31768 bytes still in flight).
DEBUG: Outbound stream to 169.254.144.1:55270 finished (31768 bytes still in flight).
DEBUG: Inbound stream from 169.254.144.1:3944 finished cleanly.
DEBUG: Outbound stream to 169.254.144.1:55270 has been fully acknowledged.
DEBUG: Inbound stream from 169.254.144.1:55270 finished cleanly.
DEBUG: Waiting for lingering segments (e.g. retransmissions of FIN) from peer...
DEBUG: Outbound stream to 169.254.144.1:3944 has been fully acknowledged.
DEBUG: Waiting for clean shutdown... DEBUG: Waiting for clean shutdown... DEBUG: TCP connection finished cleanly.
DEBUG: TCP connection finished cleanly.
done.
done.
<end of output>
Test time =   0.29 sec
----------------------------------------------------------
Test Passed.
"t_ucD_1M_32k" end time: Aug 25 15:31 CST
"t_ucD_1M_32k" time elapsed: 00:00:00
----------------------------------------------------------

71/169 Testing: t_ucD_128K_8K
71/169 Test: t_ucD_128K_8K
Command: "/home/name/git_files/txrx.sh" "-ucDd" "128K" "-w" "8K"
Directory: /home/name/git_files/build
"t_ucD_128K_8K" start time: Aug 25 15:31 CST
Output:
----------------------------------------------------------
DEBUG: Listening for incoming connection...
DEBUG: Connecting to 169.254.144.1:13592...
Successfully connected to 169.254.144.1:13592.
New connection from 169.254.144.1:60652.
DEBUG: Outbound stream to 169.254.144.1:13592 finished (7192 bytes still in flight).
DEBUG: Outbound stream to 169.254.144.1:60652 finished (7192 bytes still in flight).
DEBUG: Inbound stream from DEBUG: Inbound stream from 169.254.144.1:60652 finished cleanly.
169.254.144.1:13592 finished cleanly.
DEBUG: Outbound stream to 169.254.144.1:60652 has been fully acknowledged.
DEBUG: Outbound stream to 169.254.144.1:13592 has been fully acknowledged.
DEBUG: Waiting for clean shutdown... DEBUG: Waiting for clean shutdown... DEBUG: TCP connection finished cleanly.
done.
DEBUG: TCP connection finished cleanly.
done.
<end of output>
Test time =   0.25 sec
----------------------------------------------------------
Test Passed.
"t_ucD_128K_8K" end time: Aug 25 15:31 CST
"t_ucD_128K_8K" time elapsed: 00:00:00
----------------------------------------------------------

72/169 Testing: t_ucD_16_1
72/169 Test: t_ucD_16_1
Command: "/home/name/git_files/txrx.sh" "-ucDd" "16" "-w" "1"
Directory: /home/name/git_files/build
"t_ucD_16_1" start time: Aug 25 15:31 CST
Output:
----------------------------------------------------------
DEBUG: Listening for incoming connection...
DEBUG: Connecting to 169.254.144.1:11026...
Successfully connected to 169.254.144.1:11026.
New connection from 169.254.144.1:60308.
DEBUG: Outbound stream to 169.254.144.1:11026 finished (1 byte still in flight).
DEBUG: Outbound stream to 169.254.144.1:60308 finished (1 byte still in flight).
DEBUG: Inbound stream from 169.254.144.1:60308 finished cleanly.
DEBUG: Outbound stream to 169.254.144.1:11026 has been fully acknowledged.
DEBUG: Inbound stream from 169.254.144.1:11026 finished cleanly.
DEBUG: Waiting for lingering segments (e.g. retransmissions of FIN) from peer...
DEBUG: Outbound stream to 169.254.144.1:60308 has been fully acknowledged.
DEBUG: TCP connection finished cleanly.
DEBUG: Waiting for clean shutdown... DEBUG: Waiting for clean shutdown... done.
DEBUG: TCP connection finished cleanly.
done.
<end of output>
Test time =   0.24 sec
----------------------------------------------------------
Test Passed.
"t_ucD_16_1" end time: Aug 25 15:31 CST
"t_ucD_16_1" time elapsed: 00:00:00
----------------------------------------------------------

73/169 Testing: t_ucD_32K_d
73/169 Test: t_ucD_32K_d
Command: "/home/name/git_files/txrx.sh" "-ucDd" "32K"
Directory: /home/name/git_files/build
"t_ucD_32K_d" start time: Aug 25 15:31 CST
Output:
----------------------------------------------------------
DEBUG: Listening for incoming connection...
DEBUG: Connecting to 169.254.144.1:6897...
Successfully connected to 169.254.144.1:6897.
New connection from 169.254.144.1:52492.
DEBUG: Outbound stream to 169.254.144.1:52492 finished (32769 bytes still in flight).
DEBUG: Outbound stream to 169.254.144.1:6897 finished (32769 bytes still in flight).
DEBUG: Inbound stream from 169.254.144.1:52492 finished cleanly.
DEBUG: Inbound stream from 169.254.144.1:6897 finished cleanly.
DEBUG: Outbound stream to 169.254.144.1:52492 has been fully acknowledged.
DEBUG: Outbound stream to 169.254.144.1:6897 has been fully acknowledged.
DEBUG: Waiting for clean shutdown... DEBUG: Waiting for clean shutdown... DEBUG: TCP connection finished cleanly.
done.
DEBUG: TCP connection finished cleanly.
done.
<end of output>
Test time =   0.24 sec
----------------------------------------------------------
Test Passed.
"t_ucD_32K_d" end time: Aug 25 15:31 CST
"t_ucD_32K_d" time elapsed: 00:00:00
----------------------------------------------------------

74/169 Testing: t_usS_1M_32k
74/169 Test: t_usS_1M_32k
Command: "/home/name/git_files/txrx.sh" "-usSd" "1M" "-w" "32K"
Directory: /home/name/git_files/build
"t_usS_1M_32k" start time: Aug 25 15:31 CST
Output:
----------------------------------------------------------
DEBUG: Listening for incoming connection...
DEBUG: Connecting to 169.254.144.1:16979...
Successfully connected to 169.254.144.1:16979.
New connection from 169.254.144.1:55177.
DEBUG: Outbound stream to 169.254.144.1:16979 finished (1 byte still in flight).
DEBUG: Inbound stream from 169.254.144.1:55177 finished cleanly.
DEBUG: Outbound stream to 169.254.144.1:16979 has been fully acknowledged.
DEBUG: Waiting for clean shutdown... DEBUG: Outbound stream to 169.254.144.1:55177 finished (31768 bytes still in flight).
DEBUG: Inbound stream from 169.254.144.1:16979 finished cleanly.
DEBUG: Waiting for lingering segments (e.g. retransmissions of FIN) from peer...
DEBUG: Outbound stream to 169.254.144.1:55177 has been fully acknowledged.
DEBUG: TCP connection finished cleanly.
done.
DEBUG: Waiting for clean shutdown... DEBUG: TCP connection finished cleanly.
done.
<end of output>
Test time =   0.27 sec
----------------------------------------------------------
Test Passed.
"t_usS_1M_32k" end time: Aug 25 15:31 CST
"t_usS_1M_32k" time elapsed: 00:00:00
----------------------------------------------------------

75/169 Testing: t_usS_128K_8K
75/169 Test: t_usS_128K_8K
Command: "/home/name/git_files/txrx.sh" "-usSd" "128K" "-w" "8K"
Directory: /home/name/git_files/build
"t_usS_128K_8K" start time: Aug 25 15:31 CST
Output:
----------------------------------------------------------
DEBUG: Listening for incoming connection...
DEBUG: Connecting to 169.254.144.1:24667...
Successfully connected to 169.254.144.1:24667.
New connection from 169.254.144.1:53574.
DEBUG: Outbound stream to 169.254.144.1:24667 finished (1 byte still in flight).
DEBUG: Inbound stream from 169.254.144.1:53574 finished cleanly.
DEBUG: Outbound stream to 169.254.144.1:24667 has been fully acknowledged.
DEBUG: Waiting for clean shutdown... DEBUG: Outbound stream to 169.254.144.1:53574 finished (7192 bytes still in flight).
DEBUG: Inbound stream from 169.254.144.1:24667 finished cleanly.
DEBUG: Waiting for lingering segments (e.g. retransmissions of FIN) from peer...
DEBUG: Outbound stream to 169.254.144.1:53574 has been fully acknowledged.
DEBUG: TCP connection finished cleanly.
done.
DEBUG: Waiting for clean shutdown... DEBUG: TCP connection finished cleanly.
done.
<end of output>
Test time =   0.24 sec
----------------------------------------------------------
Test Passed.
"t_usS_128K_8K" end time: Aug 25 15:31 CST
"t_usS_128K_8K" time elapsed: 00:00:00
----------------------------------------------------------

76/169 Testing: t_usS_16_1
76/169 Test: t_usS_16_1
Command: "/home/name/git_files/txrx.sh" "-usSd" "16" "-w" "1"
Directory: /home/name/git_files/build
"t_usS_16_1" start time: Aug 25 15:31 CST
Output:
----------------------------------------------------------
DEBUG: Listening for incoming connection...
DEBUG: Connecting to 169.254.144.1:5235...
Successfully connected to 169.254.144.1:5235.
New connection from 169.254.144.1:48363.
DEBUG: Outbound stream to 169.254.144.1:5235 finished (1 byte still in flight).
DEBUG: Inbound stream from 169.254.144.1:48363 finished cleanly.
DEBUG: Outbound stream to 169.254.144.1:5235 has been fully acknowledged.
DEBUG: Outbound stream to 169.254.144.1:48363 finished (1 byte still in flight).
DEBUG: Waiting for clean shutdown... DEBUG: Inbound stream from 169.254.144.1:5235 finished cleanly.
DEBUG: Waiting for lingering segments (e.g. retransmissions of FIN) from peer...
DEBUG: Outbound stream to 169.254.144.1:48363 has been fully acknowledged.
DEBUG: TCP connection finished cleanly.
done.
DEBUG: Waiting for clean shutdown... DEBUG: TCP connection finished cleanly.
done.
<end of output>
Test time =   0.24 sec
----------------------------------------------------------
Test Passed.
"t_usS_16_1" end time: Aug 25 15:31 CST
"t_usS_16_1" time elapsed: 00:00:00
----------------------------------------------------------

77/169 Testing: t_usS_32K_d
77/169 Test: t_usS_32K_d
Command: "/home/name/git_files/txrx.sh" "-usSd" "32K"
Directory: /home/name/git_files/build
"t_usS_32K_d" start time: Aug 25 15:31 CST
Output:
----------------------------------------------------------
DEBUG: Listening for incoming connection...
DEBUG: Connecting to 169.254.144.1:10475...
Successfully connected to 169.254.144.1:10475.
New connection from 169.254.144.1:37466.
DEBUG: Outbound stream to 169.254.144.1:10475 finished (1 byte still in flight).
DEBUG: Inbound stream from 169.254.144.1:37466 finished cleanly.
DEBUG: Outbound stream to 169.254.144.1:10475 has been fully acknowledged.
DEBUG: Waiting for clean shutdown... DEBUG: Outbound stream to 169.254.144.1:37466 finished (32769 bytes still in flight).
DEBUG: Inbound stream from 169.254.144.1:10475 finished cleanly.
DEBUG: Waiting for lingering segments (e.g. retransmissions of FIN) from peer...
DEBUG: Outbound stream to 169.254.144.1:37466 has been fully acknowledged.
DEBUG: TCP connection finished cleanly.
done.
DEBUG: Waiting for clean shutdown... DEBUG: TCP connection finished cleanly.
done.
<end of output>
Test time =   0.24 sec
----------------------------------------------------------
Test Passed.
"t_usS_32K_d" end time: Aug 25 15:31 CST
"t_usS_32K_d" time elapsed: 00:00:00
----------------------------------------------------------

78/169 Testing: t_usR_1M_32k
78/169 Test: t_usR_1M_32k
Command: "/home/name/git_files/txrx.sh" "-usRd" "1M" "-w" "32K"
Directory: /home/name/git_files/build
"t_usR_1M_32k" start time: Aug 25 15:31 CST
Output:
----------------------------------------------------------
DEBUG: Listening for incoming connection...
DEBUG: Connecting to 169.254.144.1:21705...
Successfully connected to 169.254.144.1:21705.
New connection from 169.254.144.1:48968.
DEBUG: Outbound stream to 169.254.144.1:48968 finished (1 byte still in flight).
DEBUG: Inbound stream from 169.254.144.1:21705 finished cleanly.
DEBUG: Outbound stream to 169.254.144.1:48968 has been fully acknowledged.
DEBUG: Waiting for clean shutdown... DEBUG: Outbound stream to 169.254.144.1:21705 finished (31768 bytes still in flight).
DEBUG: Inbound stream from 169.254.144.1:48968 finished cleanly.
DEBUG: Waiting for lingering segments (e.g. retransmissions of FIN) from peer...
DEBUG: Outbound stream to 169.254.144.1:21705 has been fully acknowledged.
DEBUG: TCP connection finished cleanly.
done.
DEBUG: Waiting for clean shutdown... DEBUG: TCP connection finished cleanly.
done.
<end of output>
Test time =   0.27 sec
----------------------------------------------------------
Test Passed.
"t_usR_1M_32k" end time: Aug 25 15:31 CST
"t_usR_1M_32k" time elapsed: 00:00:00
----------------------------------------------------------

79/169 Testing: t_usR_128K_8K
79/169 Test: t_usR_128K_8K
Command: "/home/name/git_files/txrx.sh" "-usRd" "128K" "-w" "8K"
Directory: /home/name/git_files/build
"t_usR_128K_8K" start time: Aug 25 15:31 CST
Output:
----------------------------------------------------------
DEBUG: Listening for incoming connection...
DEBUG: Connecting to 169.254.144.1:17683...
Successfully connected to 169.254.144.1:17683.
New connection from 169.254.144.1:57422.
DEBUG: Outbound stream to 169.254.144.1:57422 finished (1 byte still in flight).
DEBUG: Inbound stream from 169.254.144.1:17683 finished cleanly.
DEBUG: Outbound stream to 169.254.144.1:57422 has been fully acknowledged.
DEBUG: Waiting for clean shutdown... DEBUG: Outbound stream to 169.254.144.1:17683 finished (7192 bytes still in flight).
DEBUG: Inbound stream from 169.254.144.1:57422 finished cleanly.
DEBUG: Waiting for lingering segments (e.g. retransmissions of FIN) from peer...
DEBUG: Outbound stream to 169.254.144.1:17683 has been fully acknowledged.
DEBUG: TCP connection finished cleanly.
done.
DEBUG: Waiting for clean shutdown... DEBUG: TCP connection finished cleanly.
done.
<end of output>
Test time =   0.24 sec
----------------------------------------------------------
Test Passed.
"t_usR_128K_8K" end time: Aug 25 15:31 CST
"t_usR_128K_8K" time elapsed: 00:00:00
----------------------------------------------------------

80/169 Testing: t_usR_16_1
80/169 Test: t_usR_16_1
Command: "/home/name/git_files/txrx.sh" "-usRd" "16" "-w" "1"
Directory: /home/name/git_files/build
"t_usR_16_1" start time: Aug 25 15:31 CST
Output:
----------------------------------------------------------
DEBUG: Listening for incoming connection...
DEBUG: Connecting to 169.254.144.1:7704...
Successfully connected to 169.254.144.1:7704.
New connection from 169.254.144.1:37905.
DEBUG: Outbound stream to 169.254.144.1:7704 finished (1 byte still in flight).
DEBUG: Outbound stream to 169.254.144.1:37905 finished (1 byte still in flight).
DEBUG: Inbound stream from 169.254.144.1:7704 finished cleanly.
DEBUG: Outbound stream to 169.254.144.1:37905 has been fully acknowledged.
DEBUG: Waiting for clean shutdown... DEBUG: Inbound stream from 169.254.144.1:37905 finished cleanly.
DEBUG: Waiting for lingering segments (e.g. retransmissions of FIN) from peer...
DEBUG: Outbound stream to 169.254.144.1:7704 has been fully acknowledged.
DEBUG: TCP connection finished cleanly.
done.
DEBUG: Waiting for clean shutdown... DEBUG: TCP connection finished cleanly.
done.
<end of output>
Test time =   0.24 sec
----------------------------------------------------------
Test Passed.
"t_usR_16_1" end time: Aug 25 15:31 CST
"t_usR_16_1" time elapsed: 00:00:00
----------------------------------------------------------

81/169 Testing: t_usR_32K_d
81/169 Test: t_usR_32K_d
Command: "/home/name/git_files/txrx.sh" "-usRd" "32K"
Directory: /home/name/git_files/build
"t_usR_32K_d" start time: Aug 25 15:31 CST
Output:
----------------------------------------------------------
DEBUG: Listening for incoming connection...
DEBUG: Connecting to 169.254.144.1:26597...
Successfully connected to 169.254.144.1:26597.
New connection from 169.254.144.1:54780.
DEBUG: Outbound stream to 169.254.144.1:54780 finished (1 byte still in flight).
DEBUG: Inbound stream from 169.254.144.1:26597 finished cleanly.
DEBUG: Outbound stream to 169.254.144.1:54780 has been fully acknowledged.
DEBUG: Waiting for clean shutdown... DEBUG: Outbound stream to 169.254.144.1:26597 finished (32769 bytes still in flight).
DEBUG: Inbound stream from 169.254.144.1:54780 finished cleanly.
DEBUG: Waiting for lingering segments (e.g. retransmissions of FIN) from peer...
DEBUG: Outbound stream to 169.254.144.1:26597 has been fully acknowledged.
DEBUG: TCP connection finished cleanly.
done.
DEBUG: Waiting for clean shutdown... DEBUG: TCP connection finished cleanly.
done.
<end of output>
Test time =   0.24 sec
----------------------------------------------------------
Test Passed.
"t_usR_32K_d" end time: Aug 25 15:31 CST
"t_usR_32K_d" time elapsed: 00:00:00
----------------------------------------------------------

82/169 Testing: t_usD_1M_32k
82/169 Test: t_usD_1M_32k
Command: "/home/name/git_files/txrx.sh" "-usDd" "1M" "-w" "32K"
Directory: /home/name/git_files/build
"t_usD_1M_32k" start time: Aug 25 15:31 CST
Output:
----------------------------------------------------------
DEBUG: Listening for incoming connection...
DEBUG: Connecting to 169.254.144.1:8327...
Successfully connected to 169.254.144.1:8327.
New connection from 169.254.144.1:42782.
DEBUG: Outbound stream to 169.254.144.1:8327 finished (31768 bytes still in flight).
DEBUG: Outbound stream to 169.254.144.1:42782 finished (31768 bytes still in flight).
DEBUG: Inbound stream from 169.254.144.1:8327 finished cleanly.
DEBUG: Outbound stream to 169.254.144.1:42782 has been fully acknowledged.
DEBUG: Inbound stream from 169.254.144.1:42782 finished cleanly.
DEBUG: Waiting for lingering segments (e.g. retransmissions of FIN) from peer...
DEBUG: Outbound stream to 169.254.144.1:8327 has been fully acknowledged.
DEBUG: Waiting for clean shutdown... DEBUG: Waiting for clean shutdown... DEBUG: TCP connection finished cleanly.
done.
DEBUG: TCP connection finished cleanly.
done.
<end of output>
Test time =   0.30 sec
----------------------------------------------------------
Test Passed.
"t_usD_1M_32k" end time: Aug 25 15:31 CST
"t_usD_1M_32k" time elapsed: 00:00:00
----------------------------------------------------------

83/169 Testing: t_usD_128K_8K
83/169 Test: t_usD_128K_8K
Command: "/home/name/git_files/txrx.sh" "-usDd" "128K" "-w" "8K"
Directory: /home/name/git_files/build
"t_usD_128K_8K" start time: Aug 25 15:31 CST
Output:
----------------------------------------------------------
DEBUG: Listening for incoming connection...
DEBUG: Connecting to 169.254.144.1:12527...
Successfully connected to 169.254.144.1:12527.
New connection from 169.254.144.1:38518.
DEBUG: Outbound stream to 169.254.144.1:38518 finished (7192 bytes still in flight).
DEBUG: Outbound stream to 169.254.144.1:12527 finished (7192 bytes still in flight).
DEBUG: Inbound stream from 169.254.144.1:38518 finished cleanly.
DEBUG: Inbound stream from 169.254.144.1:12527 finished cleanly.
DEBUG: Outbound stream to DEBUG: Outbound stream to 169.254.144.1:38518169.254.144.1:12527 has been fully acknowledged.
 has been fully acknowledged.
DEBUG: Waiting for clean shutdown... DEBUG: Waiting for clean shutdown... DEBUG: TCP connection finished cleanly.
done.
DEBUG: TCP connection finished cleanly.
done.
<end of output>
Test time =   0.25 sec
----------------------------------------------------------
Test Passed.
"t_usD_128K_8K" end time: Aug 25 15:31 CST
"t_usD_128K_8K" time elapsed: 00:00:00
----------------------------------------------------------

84/169 Testing: t_usD_16_1
84/169 Test: t_usD_16_1
Command: "/home/name/git_files/txrx.sh" "-usDd" "16" "-w" "1"
Directory: /home/name/git_files/build
"t_usD_16_1" start time: Aug 25 15:31 CST
Output:
----------------------------------------------------------
DEBUG: Listening for incoming connection...
DEBUG: Connecting to 169.254.144.1:28658...
Successfully connected to 169.254.144.1:28658.
New connection from 169.254.144.1:46393.
DEBUG: Outbound stream to 169.254.144.1:28658 finished (1 byte still in flight).
DEBUG: Outbound stream to 169.254.144.1:46393 finished (1 byte still in flight).
DEBUG: Inbound stream from 169.254.144.1:46393 finished cleanly.
DEBUG: Outbound stream to 169.254.144.1:28658 has been fully acknowledged.
DEBUG: Inbound stream from 169.254.144.1:28658 finished cleanly.
DEBUG: Waiting for lingering segments (e.g. retransmissions of FIN) from peer...
DEBUG: Outbound stream to 169.254.144.1:46393 has been fully acknowledged.
DEBUG: TCP connection finished cleanly.
DEBUG: Waiting for clean shutdown... done.
DEBUG: Waiting for clean shutdown... DEBUG: TCP connection finished cleanly.
done.
<end of output>
Test time =   0.24 sec
----------------------------------------------------------
Test Passed.
"t_usD_16_1" end time: Aug 25 15:31 CST
"t_usD_16_1" time elapsed: 00:00:00
----------------------------------------------------------

85/169 Testing: t_usD_32K_d
85/169 Test: t_usD_32K_d
Command: "/home/name/git_files/txrx.sh" "-usDd" "32K"
Directory: /home/name/git_files/build
"t_usD_32K_d" start time: Aug 25 15:31 CST
Output:
----------------------------------------------------------
DEBUG: Listening for incoming connection...
DEBUG: Connecting to 169.254.144.1:12428...
Successfully connected to 169.254.144.1:12428.
New connection from 169.254.144.1:34771.
DEBUG: Outbound stream to 169.254.144.1:12428 finished (32769 bytes still in flight).
DEBUG: Outbound stream to 169.254.144.1:34771 finished (32769 bytes still in flight).
DEBUG: Inbound stream from 169.254.144.1:12428 finished cleanly.
DEBUG: Inbound stream from 169.254.144.1:34771 finished cleanly.
DEBUG: Outbound stream to 169.254.144.1:12428 has been fully acknowledged.
DEBUG: Outbound stream to 169.254.144.1:34771 has been fully acknowledged.
DEBUG: Waiting for clean shutdown... DEBUG: Waiting for clean shutdown... DEBUG: TCP connection finished cleanly.
done.
DEBUG: TCP connection finished cleanly.
done.
<end of output>
Test time =   0.24 sec
----------------------------------------------------------
Test Passed.
"t_usD_32K_d" end time: Aug 25 15:31 CST
"t_usD_32K_d" time elapsed: 00:00:00
----------------------------------------------------------

86/169 Testing: t_ucS_128K_8K_l
86/169 Test: t_ucS_128K_8K_l
Command: "/home/name/git_files/txrx.sh" "-ucSd" "128K" "-w" "8K" "-l" "0.1"
Directory: /home/name/git_files/build
"t_ucS_128K_8K_l" start time: Aug 25 15:31 CST
Output:
----------------------------------------------------------
DEBUG: Listening for incoming connection...
DEBUG: Connecting to 169.254.144.1:24962...
Successfully connected to 169.254.144.1:24962.
New connection from 169.254.144.1:33326.
DEBUG: Outbound stream to 169.254.144.1:33326 finished (1 byte still in flight).
DEBUG: Inbound stream from 169.254.144.1:24962 finished cleanly.
DEBUG: Outbound stream to 169.254.144.1:33326 has been fully acknowledged.
DEBUG: Waiting for clean shutdown... DEBUG: Outbound stream to 169.254.144.1:24962 finished (8000 bytes still in flight).
DEBUG: Inbound stream from 169.254.144.1:33326 finished cleanly.
DEBUG: Waiting for lingering segments (e.g. retransmissions of FIN) from peer...
DEBUG: Outbound stream to 169.254.144.1:24962 has been fully acknowledged.
DEBUG: TCP connection finished cleanly.
done.
DEBUG: Waiting for clean shutdown... DEBUG: TCP connection finished cleanly.
done.
<end of output>
Test time =   0.24 sec
----------------------------------------------------------
Test Passed.
"t_ucS_128K_8K_l" end time: Aug 25 15:31 CST
"t_ucS_128K_8K_l" time elapsed: 00:00:00
----------------------------------------------------------

87/169 Testing: t_ucS_128K_8K_L
87/169 Test: t_ucS_128K_8K_L
Command: "/home/name/git_files/txrx.sh" "-ucSd" "128K" "-w" "8K" "-L" "0.1"
Directory: /home/name/git_files/build
"t_ucS_128K_8K_L" start time: Aug 25 15:31 CST
Output:
----------------------------------------------------------
DEBUG: Listening for incoming connection...
DEBUG: Connecting to 169.254.144.1:27638...
Successfully connected to 169.254.144.1:27638.
New connection from 169.254.144.1:37216.
DEBUG: Outbound stream to 169.254.144.1:37216 finished (1 byte still in flight).
DEBUG: Inbound stream from 169.254.144.1:27638 finished cleanly.
DEBUG: Outbound stream to 169.254.144.1:37216 has been fully acknowledged.
DEBUG: Waiting for clean shutdown... DEBUG: Outbound stream to 169.254.144.1:27638 finished (7192 bytes still in flight).
DEBUG: Inbound stream from 169.254.144.1:37216 finished cleanly.
DEBUG: Waiting for lingering segments (e.g. retransmissions of FIN) from peer...
DEBUG: Outbound stream to 169.254.144.1:27638 has been fully acknowledged.
DEBUG: TCP connection finished cleanly.
done.
[...]
DEBUG: Inbound stream from 169.254.144.9:17380 finished cleanly.
DEBUG: Waiting for lingering segments (e.g. retransmissions of FIN) from peer...
DEBUG: Outbound stream to 169.254.144.1:18825 has been fully acknowledged.
DEBUG: TCP connection finished cleanly.
done.
DEBUG: Waiting for clean shutdown... DEBUG: TCP connection finished cleanly.
done.
<end of output>
Test time =   0.40 sec
----------------------------------------------------------
Test Passed.
"t_isD_128K_8K_L" end time: Aug 25 15:32 CST
"t_isD_128K_8K_L" time elapsed: 00:00:00
----------------------------------------------------------

151/169 Testing: t_isD_128K_8K_lL
151/169 Test: t_isD_128K_8K_lL
Command: "/home/name/git_files/txrx.sh" "-isDd" "128K" "-w" "8K" "-l" "0.1" "-L" "0.1"
Directory: /home/name/git_files/build
"t_isD_128K_8K_lL" start time: Aug 25 15:32 CST
Output:
----------------------------------------------------------
DEBUG: Listening for incoming connection...
DEBUG: Connecting to 169.254.144.9:12536...
Successfully connected to 169.254.144.9:12536.
New connection from 169.254.144.1:15615.
DEBUG: Outbound stream to 169.254.144.1:15615 finished (8191 bytes still in flight).
DEBUG: Outbound stream to 169.254.144.9:12536 finished (7192 bytes still in flight).
DEBUG: Inbound stream from 169.254.144.9:12536 finished cleanly.
DEBUG: Outbound stream to 169.254.144.1:15615 has been fully acknowledged.
DEBUG: Waiting for clean shutdown... DEBUG: Inbound stream from 169.254.144.1:15615 finished cleanly.
DEBUG: Waiting for lingering segments (e.g. retransmissions of FIN) from peer...
DEBUG: Outbound stream to 169.254.144.9:12536 has been fully acknowledged.
DEBUG: TCP connection finished cleanly.
done.
DEBUG: Waiting for clean shutdown... DEBUG: TCP connection finished cleanly.
done.
<end of output>
Test time =   0.68 sec
----------------------------------------------------------
Test Passed.
"t_isD_128K_8K_lL" end time: Aug 25 15:32 CST
"t_isD_128K_8K_lL" time elapsed: 00:00:00
----------------------------------------------------------

152/169 Testing: t_icnS_128K_8K_l
152/169 Test: t_icnS_128K_8K_l
Command: "/home/name/git_files/txrx.sh" "-icSnd" "128K" "-w" "8K" "-l" "0.1"
Directory: /home/name/git_files/build
"t_icnS_128K_8K_l" start time: Aug 25 15:32 CST
Output:
----------------------------------------------------------
DEBUG: Connecting to 169.254.144.1:10807...
Successfully connected to 169.254.144.1:10807.
DEBUG: Inbound stream from 169.254.144.1:10807 finished cleanly.
DEBUG: Waiting for clean shutdown... DEBUG: Outbound stream to 169.254.144.1:10807 finished (24073 bytes still in flight).
DEBUG: Outbound stream to 169.254.144.1:10807 has been fully acknowledged.
DEBUG: TCP connection finished cleanly.
done.
<end of output>
Test time =   0.12 sec
----------------------------------------------------------
Test Passed.
"t_icnS_128K_8K_l" end time: Aug 25 15:32 CST
"t_icnS_128K_8K_l" time elapsed: 00:00:00
----------------------------------------------------------

153/169 Testing: t_icnS_128K_8K_L
153/169 Test: t_icnS_128K_8K_L
Command: "/home/name/git_files/txrx.sh" "-icSnd" "128K" "-w" "8K" "-L" "0.1"
Directory: /home/name/git_files/build
"t_icnS_128K_8K_L" start time: Aug 25 15:32 CST
Output:
----------------------------------------------------------
DEBUG: Connecting to 169.254.144.1:7640...
Successfully connected to 169.254.144.1:7640.
DEBUG: Inbound stream from 169.254.144.1:7640 finished cleanly.
DEBUG: Waiting for clean shutdown... DEBUG: Outbound stream to 169.254.144.1:7640 finished (48000 bytes still in flight).
DEBUG: Outbound stream to 169.254.144.1:7640 has been fully acknowledged.
DEBUG: TCP connection finished cleanly.
done.
<end of output>
Test time =   0.36 sec
----------------------------------------------------------
Test Passed.
"t_icnS_128K_8K_L" end time: Aug 25 15:32 CST
"t_icnS_128K_8K_L" time elapsed: 00:00:00
----------------------------------------------------------

154/169 Testing: t_icnS_128K_8K_lL
154/169 Test: t_icnS_128K_8K_lL
Command: "/home/name/git_files/txrx.sh" "-icSnd" "128K" "-w" "8K" "-l" "0.1" "-L" "0.1"
Directory: /home/name/git_files/build
"t_icnS_128K_8K_lL" start time: Aug 25 15:32 CST
Output:
----------------------------------------------------------
DEBUG: Connecting to 169.254.144.1:33451...
Successfully connected to 169.254.144.1:33451.
DEBUG: Inbound stream from 169.254.144.1:33451 finished cleanly.
DEBUG: Waiting for clean shutdown... DEBUG: Outbound stream to 169.254.144.1:33451 finished (39000 bytes still in flight).
DEBUG: Outbound stream to 169.254.144.1:33451 has been fully acknowledged.
DEBUG: TCP connection finished cleanly.
done.
<end of output>
Test time =   0.34 sec
----------------------------------------------------------
Test Passed.
"t_icnS_128K_8K_lL" end time: Aug 25 15:32 CST
"t_icnS_128K_8K_lL" time elapsed: 00:00:00
----------------------------------------------------------

155/169 Testing: t_icnR_128K_8K_l
155/169 Test: t_icnR_128K_8K_l
Command: "/home/name/git_files/txrx.sh" "-icRnd" "128K" "-w" "8K" "-l" "0.1"
Directory: /home/name/git_files/build
"t_icnR_128K_8K_l" start time: Aug 25 15:32 CST
Output:
----------------------------------------------------------
DEBUG: Connecting to 169.254.144.1:18073...
Successfully connected to 169.254.144.1:18073.
DEBUG: Outbound stream to 169.254.144.1:18073 finished (1 byte still in flight).
DEBUG: Outbound stream to 169.254.144.1:18073 has been fully acknowledged.
DEBUG: Inbound stream from 169.254.144.1:18073 finished cleanly.
DEBUG: Waiting for lingering segments (e.g. retransmissions of FIN) from peer...
DEBUG: Waiting for clean shutdown... DEBUG: TCP connection finished cleanly.
done.
<end of output>
Test time =   0.48 sec
----------------------------------------------------------
Test Passed.
"t_icnR_128K_8K_l" end time: Aug 25 15:32 CST
"t_icnR_128K_8K_l" time elapsed: 00:00:00
----------------------------------------------------------

156/169 Testing: t_icnR_128K_8K_L
156/169 Test: t_icnR_128K_8K_L
Command: "/home/name/git_files/txrx.sh" "-icRnd" "128K" "-w" "8K" "-L" "0.1"
Directory: /home/name/git_files/build
"t_icnR_128K_8K_L" start time: Aug 25 15:32 CST
Output:
----------------------------------------------------------
DEBUG: Connecting to 169.254.144.1:5220...
Successfully connected to 169.254.144.1:5220.
DEBUG: Outbound stream to 169.254.144.1:5220 finished (1 byte still in flight).
DEBUG: Outbound stream to 169.254.144.1:5220 has been fully acknowledged.
DEBUG: Inbound stream from 169.254.144.1:5220 finished cleanly.
DEBUG: Waiting for lingering segments (e.g. retransmissions of FIN) from peer...
DEBUG: Waiting for clean shutdown... DEBUG: TCP connection finished cleanly.
done.
<end of output>
Test time =   0.25 sec
----------------------------------------------------------
Test Passed.
"t_icnR_128K_8K_L" end time: Aug 25 15:32 CST
"t_icnR_128K_8K_L" time elapsed: 00:00:00
----------------------------------------------------------

157/169 Testing: t_icnR_128K_8K_lL
157/169 Test: t_icnR_128K_8K_lL
Command: "/home/name/git_files/txrx.sh" "-icRnd" "128K" "-w" "8K" "-l" "0.1" "-L" "0.1"
Directory: /home/name/git_files/build
"t_icnR_128K_8K_lL" start time: Aug 25 15:32 CST
Output:
----------------------------------------------------------
DEBUG: Connecting to 169.254.144.1:18646...
Successfully connected to 169.254.144.1:18646.
DEBUG: Outbound stream to 169.254.144.1:18646 finished (1 byte still in flight).
DEBUG: Outbound stream to 169.254.144.1:18646 has been fully acknowledged.
DEBUG: Inbound stream from 169.254.144.1:18646 finished cleanly.
DEBUG: Waiting for lingering segments (e.g. retransmissions of FIN) from peer...
DEBUG: Waiting for clean shutdown... DEBUG: TCP connection finished cleanly.
done.
<end of output>
Test time =   0.33 sec
----------------------------------------------------------
Test Passed.
"t_icnR_128K_8K_lL" end time: Aug 25 15:32 CST
"t_icnR_128K_8K_lL" time elapsed: 00:00:00
----------------------------------------------------------

158/169 Testing: t_icnD_128K_8K_l
158/169 Test: t_icnD_128K_8K_l
Command: "/home/name/git_files/txrx.sh" "-icDnd" "128K" "-w" "8K" "-l" "0.1"
Directory: /home/name/git_files/build
"t_icnD_128K_8K_l" start time: Aug 25 15:32 CST
Output:
----------------------------------------------------------
DEBUG: Connecting to 169.254.144.1:5837...
Successfully connected to 169.254.144.1:5837.
DEBUG: Outbound stream to 169.254.144.1:5837 finished (62000 bytes still in flight).
DEBUG: Outbound stream to 169.254.144.1:5837 has been fully acknowledged.
DEBUG: Inbound stream from 169.254.144.1:5837 finished cleanly.
DEBUG: Waiting for lingering segments (e.g. retransmissions of FIN) from peer...
DEBUG: Waiting for clean shutdown... DEBUG: TCP connection finished cleanly.
done.
<end of output>
Test time =   0.44 sec
----------------------------------------------------------
Test Passed.
"t_icnD_128K_8K_l" end time: Aug 25 15:32 CST
"t_icnD_128K_8K_l" time elapsed: 00:00:00
----------------------------------------------------------

159/169 Testing: t_icnD_128K_8K_L
159/169 Test: t_icnD_128K_8K_L
Command: "/home/name/git_files/txrx.sh" "-icDnd" "128K" "-w" "8K" "-L" "0.1"
Directory: /home/name/git_files/build
"t_icnD_128K_8K_L" start time: Aug 25 15:32 CST
Output:
----------------------------------------------------------
DEBUG: Connecting to 169.254.144.1:9033...
Successfully connected to 169.254.144.1:9033.
DEBUG: Outbound stream to 169.254.144.1:9033 finished (52000 bytes still in flight).
DEBUG: Inbound stream from 169.254.144.1:9033 finished cleanly.
DEBUG: Waiting for clean shutdown... DEBUG: Outbound stream to 169.254.144.1:9033 has been fully acknowledged.
DEBUG: TCP connection finished cleanly.
done.
<end of output>
Test time =   0.26 sec
----------------------------------------------------------
Test Passed.
"t_icnD_128K_8K_L" end time: Aug 25 15:32 CST
"t_icnD_128K_8K_L" time elapsed: 00:00:00
----------------------------------------------------------

160/169 Testing: t_icnD_128K_8K_lL
160/169 Test: t_icnD_128K_8K_lL
Command: "/home/name/git_files/txrx.sh" "-icDnd" "128K" "-w" "8K" "-l" "0.1" "-L" "0.1"
Directory: /home/name/git_files/build
"t_icnD_128K_8K_lL" start time: Aug 25 15:32 CST
Output:
----------------------------------------------------------
DEBUG: Connecting to 169.254.144.1:12705...
Successfully connected to 169.254.144.1:12705.
DEBUG: Outbound stream to 169.254.144.1:12705 finished (55000 bytes still in flight).
DEBUG: Outbound stream to 169.254.144.1:12705 has been fully acknowledged.
DEBUG: Inbound stream from 169.254.144.1:12705 finished cleanly.
DEBUG: Waiting for lingering segments (e.g. retransmissions of FIN) from peer...
DEBUG: Waiting for clean shutdown... DEBUG: TCP connection finished cleanly.
done.
<end of output>
Test time =   0.77 sec
----------------------------------------------------------
Test Passed.
"t_icnD_128K_8K_lL" end time: Aug 25 15:32 CST
"t_icnD_128K_8K_lL" time elapsed: 00:00:00
----------------------------------------------------------

161/169 Testing: t_isnS_128K_8K_l
161/169 Test: t_isnS_128K_8K_l
Command: "/home/name/git_files/txrx.sh" "-isSnd" "128K" "-w" "8K" "-l" "0.1"
Directory: /home/name/git_files/build
"t_isnS_128K_8K_l" start time: Aug 25 15:32 CST
Output:
----------------------------------------------------------
DEBUG: Listening for incoming connection...
New connection from 169.254.144.1:58526.
DEBUG: Inbound stream from 169.254.144.1:58526 finished cleanly.
DEBUG: Waiting for clean shutdown... DEBUG: Outbound stream to 169.254.144.1:58526 finished (64000 bytes still in flight).
DEBUG: Outbound stream to 169.254.144.1:58526 has been fully acknowledged.
DEBUG: TCP connection finished cleanly.
done.
<end of output>
Test time =   0.12 sec
----------------------------------------------------------
Test Passed.
"t_isnS_128K_8K_l" end time: Aug 25 15:32 CST
"t_isnS_128K_8K_l" time elapsed: 00:00:00
----------------------------------------------------------

162/169 Testing: t_isnS_128K_8K_L
162/169 Test: t_isnS_128K_8K_L
Command: "/home/name/git_files/txrx.sh" "-isSnd" "128K" "-w" "8K" "-L" "0.1"
Directory: /home/name/git_files/build
"t_isnS_128K_8K_L" start time: Aug 25 15:32 CST
Output:
----------------------------------------------------------
DEBUG: Listening for incoming connection...
New connection from 169.254.144.1:54186.
DEBUG: Inbound stream from 169.254.144.1:54186 finished cleanly.
DEBUG: Waiting for clean shutdown... DEBUG: Outbound stream to 169.254.144.1:54186 finished (41000 bytes still in flight).
DEBUG: Outbound stream to 169.254.144.1:54186 has been fully acknowledged.
DEBUG: TCP connection finished cleanly.
done.
<end of output>
Test time =   0.29 sec
----------------------------------------------------------
Test Passed.
"t_isnS_128K_8K_L" end time: Aug 25 15:32 CST
"t_isnS_128K_8K_L" time elapsed: 00:00:00
----------------------------------------------------------

163/169 Testing: t_isnS_128K_8K_lL
163/169 Test: t_isnS_128K_8K_lL
Command: "/home/name/git_files/txrx.sh" "-isSnd" "128K" "-w" "8K" "-l" "0.1" "-L" "0.1"
Directory: /home/name/git_files/build
"t_isnS_128K_8K_lL" start time: Aug 25 15:32 CST
Output:
----------------------------------------------------------
DEBUG: Listening for incoming connection...
New connection from 169.254.144.1:41810.
DEBUG: Inbound stream from 169.254.144.1:41810 finished cleanly.
DEBUG: Waiting for clean shutdown... DEBUG: Outbound stream to 169.254.144.1:41810 finished (50000 bytes still in flight).
DEBUG: Outbound stream to 169.254.144.1:41810 has been fully acknowledged.
DEBUG: TCP connection finished cleanly.
done.
<end of output>
Test time =   0.31 sec
----------------------------------------------------------
Test Passed.
"t_isnS_128K_8K_lL" end time: Aug 25 15:32 CST
"t_isnS_128K_8K_lL" time elapsed: 00:00:00
----------------------------------------------------------

164/169 Testing: t_isnR_128K_8K_l
164/169 Test: t_isnR_128K_8K_l
Command: "/home/name/git_files/txrx.sh" "-isRnd" "128K" "-w" "8K" "-l" "0.1"
Directory: /home/name/git_files/build
"t_isnR_128K_8K_l" start time: Aug 25 15:32 CST
Output:
----------------------------------------------------------
DEBUG: Listening for incoming connection...
New connection from 169.254.144.1:55500.
DEBUG: Outbound stream to 169.254.144.1:55500 finished (1 byte still in flight).
DEBUG: Outbound stream to 169.254.144.1:55500 has been fully acknowledged.
DEBUG: Inbound stream from 169.254.144.1:55500 finished cleanly.
DEBUG: Waiting for lingering segments (e.g. retransmissions of FIN) from peer...
DEBUG: Waiting for clean shutdown... DEBUG: TCP connection finished cleanly.
done.
<end of output>
Test time =   0.72 sec
----------------------------------------------------------
Test Passed.
"t_isnR_128K_8K_l" end time: Aug 25 15:32 CST
"t_isnR_128K_8K_l" time elapsed: 00:00:00
----------------------------------------------------------

165/169 Testing: t_isnR_128K_8K_L
165/169 Test: t_isnR_128K_8K_L
Command: "/home/name/git_files/txrx.sh" "-isRnd" "128K" "-w" "8K" "-L" "0.1"
Directory: /home/name/git_files/build
"t_isnR_128K_8K_L" start time: Aug 25 15:32 CST
Output:
----------------------------------------------------------
DEBUG: Listening for incoming connection...
New connection from 169.254.144.1:44754.
DEBUG: Outbound stream to 169.254.144.1:44754 finished (1 byte still in flight).
DEBUG: Outbound stream to 169.254.144.1:44754 has been fully acknowledged.
DEBUG: Inbound stream from 169.254.144.1:44754 finished cleanly.
DEBUG: Waiting for lingering segments (e.g. retransmissions of FIN) from peer...
DEBUG: Waiting for clean shutdown... DEBUG: TCP connection finished cleanly.
done.
<end of output>
Test time =   0.25 sec
----------------------------------------------------------
Test Passed.
"t_isnR_128K_8K_L" end time: Aug 25 15:32 CST
"t_isnR_128K_8K_L" time elapsed: 00:00:00
----------------------------------------------------------

166/169 Testing: t_isnR_128K_8K_lL
166/169 Test: t_isnR_128K_8K_lL
Command: "/home/name/git_files/txrx.sh" "-isRnd" "128K" "-w" "8K" "-l" "0.1" "-L" "0.1"
Directory: /home/name/git_files/build
"t_isnR_128K_8K_lL" start time: Aug 25 15:32 CST
Output:
----------------------------------------------------------
DEBUG: Listening for incoming connection...
New connection from 169.254.144.1:55396.
DEBUG: Outbound stream to 169.254.144.1:55396 finished (1 byte still in flight).
DEBUG: Outbound stream to 169.254.144.1:55396 has been fully acknowledged.
DEBUG: Inbound stream from 169.254.144.1:55396 finished cleanly.
DEBUG: Waiting for lingering segments (e.g. retransmissions of FIN) from peer...
DEBUG: Waiting for clean shutdown... DEBUG: TCP connection finished cleanly.
done.
<end of output>
Test time =   0.51 sec
----------------------------------------------------------
Test Passed.
"t_isnR_128K_8K_lL" end time: Aug 25 15:32 CST
"t_isnR_128K_8K_lL" time elapsed: 00:00:00
----------------------------------------------------------

167/169 Testing: t_isnD_128K_8K_l
167/169 Test: t_isnD_128K_8K_l
Command: "/home/name/git_files/txrx.sh" "-isDnd" "128K" "-w" "8K" "-l" "0.1"
Directory: /home/name/git_files/build
"t_isnD_128K_8K_l" start time: Aug 25 15:32 CST
Output:
----------------------------------------------------------
DEBUG: Listening for incoming connection...
New connection from 169.254.144.1:42174.
DEBUG: Outbound stream to 169.254.144.1:42174 finished (43760 bytes still in flight).
DEBUG: Outbound stream to 169.254.144.1:42174 has been fully acknowledged.
DEBUG: Inbound stream from 169.254.144.1:42174 finished cleanly.
DEBUG: Waiting for lingering segments (e.g. retransmissions of FIN) from peer...
DEBUG: Waiting for clean shutdown... DEBUG: TCP connection finished cleanly.
done.
<end of output>
Test time =   0.68 sec
----------------------------------------------------------
Test Passed.
"t_isnD_128K_8K_l" end time: Aug 25 15:32 CST
"t_isnD_128K_8K_l" time elapsed: 00:00:00
----------------------------------------------------------

168/169 Testing: t_isnD_128K_8K_L
168/169 Test: t_isnD_128K_8K_L
Command: "/home/name/git_files/txrx.sh" "-isDnd" "128K" "-w" "8K" "-L" "0.1"
Directory: /home/name/git_files/build
"t_isnD_128K_8K_L" start time: Aug 25 15:32 CST
Output:
----------------------------------------------------------
DEBUG: Listening for incoming connection...
New connection from 169.254.144.1:59106.
DEBUG: Inbound stream from 169.254.144.1:59106 finished cleanly.
DEBUG: Waiting for clean shutdown... DEBUG: Outbound stream to 169.254.144.1:59106 finished (51000 bytes still in flight).
DEBUG: Outbound stream to 169.254.144.1:59106 has been fully acknowledged.
DEBUG: TCP connection finished cleanly.
done.
<end of output>
Test time =   0.35 sec
----------------------------------------------------------
Test Passed.
"t_isnD_128K_8K_L" end time: Aug 25 15:32 CST
"t_isnD_128K_8K_L" time elapsed: 00:00:00
----------------------------------------------------------

169/169 Testing: t_isnD_128K_8K_lL
169/169 Test: t_isnD_128K_8K_lL
Command: "/home/name/git_files/txrx.sh" "-isDnd" "128K" "-w" "8K" "-l" "0.1" "-L" "0.1"
Directory: /home/name/git_files/build
"t_isnD_128K_8K_lL" start time: Aug 25 15:32 CST
Output:
----------------------------------------------------------
DEBUG: Listening for incoming connection...
New connection from 169.254.144.1:54944.
DEBUG: Outbound stream to 169.254.144.1:54944 finished (58000 bytes still in flight).
DEBUG: Inbound stream from 169.254.144.1:54944 finished cleanly.
DEBUG: Waiting for clean shutdown... DEBUG: Outbound stream to 169.254.144.1:54944 has been fully acknowledged.
DEBUG: TCP connection finished cleanly.
done.
<end of output>
Test time =   0.41 sec
----------------------------------------------------------
Test Passed.
"t_isnD_128K_8K_lL" end time: Aug 25 15:32 CST
"t_isnD_128K_8K_lL" time elapsed: 00:00:00
----------------------------------------------------------

End testing: Aug 25 15:32 CST
