Start testing: Aug 28 10:56 CST
----------------------------------------------------------
32/169 Testing: arp_network_interface
32/169 Test: arp_network_interface
Command: "/home/name/git_files/build/tests/net_interface"
Directory: /home/name/git_files/build
"arp_network_interface" start time: Aug 28 10:56 CST
Output:
----------------------------------------------------------
DEBUG: Network interface has Ethernet address 6a:84:dc:65:6e:d2 and IP address 4.3.2.1
DEBUG: Network interface has Ethernet address 1e:50:92:bf:da:7d and IP address 5.5.5.5
DEBUG: Network interface has Ethernet address 02:fd:17:0f:de:b0 and IP address 5.5.5.5
DEBUG: Network interface has Ethernet address 22:07:c5:aa:5f:2a and IP address 1.2.3.4
DEBUG: Network interface has Ethernet address fe:4f:c8:68:c4:fc and IP address 4.3.2.1
DEBUG: Network interface has Ethernet address de:00:79:33:cc:2a and IP address 10.0.0.1
<end of output>
Test time =   0.00 sec
----------------------------------------------------------
Test Passed.
"arp_network_interface" end time: Aug 28 10:56 CST
"arp_network_interface" time elapsed: 00:00:00
----------------------------------------------------------

33/169 Testing: router_test
33/169 Test: router_test
Command: "/home/name/git_files/build/apps/network_simulator"
Directory: /home/name/git_files/build
"router_test" start time: Aug 28 10:56 CST
Output:
----------------------------------------------------------
[32;1mConstructing network.[m
DEBUG: Network interface has Ethernet address 02:00:00:0a:f1:e1 and IP address 171.67.76.46
DEBUG: Network interface has Ethernet address 02:00:00:ef:22:3a and IP address 10.0.0.1
DEBUG: Network interface has Ethernet address 02:00:00:67:b4:a0 and IP address 172.16.0.1
DEBUG: Network interface has Ethernet address 02:00:00:b6:a5:76 and IP address 192.168.0.1
DEBUG: Network interface has Ethernet address 02:00:00:72:01:d6 and IP address 198.178.229.1
DEBUG: Network interface has Ethernet address 02:00:00:1b:4e:e7 and IP address 143.195.0.2
DEBUG: Network interface has Ethernet address 02:00:00:87:6b:66 and IP address 128.30.76.255
DEBUG: Network interface has Ethernet address 1e:88:63:8f:b7:c8 and IP address 10.0.0.2
DEBUG: Network interface has Ethernet address 4e:09:1f:62:b5:93 and IP address 171.67.76.1
DEBUG: Network interface has Ethernet address 72:ea:9b:58:86:4e and IP address 192.168.0.2
DEBUG: Network interface has Ethernet address fa:c3:e4:ec:22:16 and IP address 143.195.0.1
DEBUG: Network interface has Ethernet address 1a:cb:a5:a1:d9:df and IP address 198.178.229.42
DEBUG: Network interface has Ethernet address 56:53:da:22:f6:74 and IP address 198.178.229.43
DEBUG: adding route 0.0.0.0/0 => 171.67.76.1 on interface 0
DEBUG: adding route 10.0.0.0/8 => (direct) on interface 1
DEBUG: adding route 172.16.0.0/16 => (direct) on interface 2
DEBUG: adding route 192.168.0.0/24 => (direct) on interface 3
DEBUG: adding route 198.178.229.0/24 => (direct) on interface 4
DEBUG: adding route 143.195.0.0/17 => 143.195.0.1 on interface 5
DEBUG: adding route 143.195.128.0/18 => 143.195.0.1 on interface 5
DEBUG: adding route 143.195.192.0/19 => 143.195.0.1 on interface 5
DEBUG: adding route 128.30.76.255/16 => 128.30.0.1 on interface 6
[32;1m

Testing traffic between two ordinary hosts (applesauce to cherrypie)...[m

Host applesauce trying to send datagram (with next hop = 10.0.0.1): IPv4, len=30, protocol=6, src=10.0.0.2, dst=192.168.0.2 payload="random payload: {1228450231}"
Transferring frame from applesauce to router.eth0: dst=ff:ff:ff:ff:ff:ff, src=1e:88:63:8f:b7:c8, type=ARP opcode=REQUEST, sender=1e:88:63:8f:b7:c8/10.0.0.2, target=00:00:00:00:00:00/10.0.0.1
Transferring frame from router.eth0 to applesauce: dst=1e:88:63:8f:b7:c8, src=02:00:00:ef:22:3a, type=ARP opcode=REPLY, sender=02:00:00:ef:22:3a/10.0.0.1, target=1e:88:63:8f:b7:c8/10.0.0.2
Transferring frame from applesauce to router.eth0: dst=02:00:00:ef:22:3a, src=1e:88:63:8f:b7:c8, type=IPv4 IPv4, len=30, protocol=6, src=10.0.0.2, dst=192.168.0.2 payload="random payload: {1228450231}"
Transferring frame from router.eth2 to cherrypie: dst=ff:ff:ff:ff:ff:ff, src=02:00:00:b6:a5:76, type=ARP opcode=REQUEST, sender=02:00:00:b6:a5:76/192.168.0.1, target=00:00:00:00:00:00/192.168.0.2
Transferring frame from cherrypie to router.eth2: dst=02:00:00:b6:a5:76, src=72:ea:9b:58:86:4e, type=ARP opcode=REPLY, sender=72:ea:9b:58:86:4e/192.168.0.2, target=02:00:00:b6:a5:76/192.168.0.1
Transferring frame from router.eth2 to cherrypie: dst=72:ea:9b:58:86:4e, src=02:00:00:b6:a5:76, type=IPv4 IPv4, len=30, protocol=6, src=10.0.0.2, dst=192.168.0.2 payload="random payload: {1228450231}"
[32;1m

Testing traffic between two ordinary hosts (cherrypie to applesauce)...[m

Host cherrypie trying to send datagram (with next hop = 192.168.0.1): IPv4, len=30, protocol=6, src=192.168.0.2, dst=10.0.0.2 payload="random payload: {3468544070}"
Transferring frame from cherrypie to router.eth2: dst=02:00:00:b6:a5:76, src=72:ea:9b:58:86:4e, type=IPv4 IPv4, len=30, protocol=6, src=192.168.0.2, dst=10.0.0.2 payload="random payload: {3468544070}"
Transferring frame from router.eth0 to applesauce: dst=1e:88:63:8f:b7:c8, src=02:00:00:ef:22:3a, type=IPv4 IPv4, len=30, protocol=6, src=192.168.0.2, dst=10.0.0.2 payload="random payload: {3468544070}"
[32;1m

Success! Testing applesauce sending to the Internet.[m

Host applesauce trying to send datagram (with next hop = 10.0.0.1): IPv4, len=2f, protocol=6, src=10.0.0.2, dst=1.2.3.4 payload="random payload: {191635621}"
Transferring frame from applesauce to router.eth0: dst=02:00:00:ef:22:3a, src=1e:88:63:8f:b7:c8, type=IPv4 IPv4, len=2f, protocol=6, src=10.0.0.2, dst=1.2.3.4 payload="random payload: {191635621}"
Transferring frame from router.default to default_router: dst=ff:ff:ff:ff:ff:ff, src=02:00:00:0a:f1:e1, type=ARP opcode=REQUEST, sender=02:00:00:0a:f1:e1/171.67.76.46, target=00:00:00:00:00:00/171.67.76.1
Transferring frame from default_router to router.default: dst=02:00:00:0a:f1:e1, src=4e:09:1f:62:b5:93, type=ARP opcode=REPLY, sender=4e:09:1f:62:b5:93/171.67.76.1, target=02:00:00:0a:f1:e1/171.67.76.46
Transferring frame from router.default to default_router: dst=4e:09:1f:62:b5:93, src=02:00:00:0a:f1:e1, type=IPv4 IPv4, len=2f, protocol=6, src=10.0.0.2, dst=1.2.3.4 payload="random payload: {191635621}"
[32;1m

Success! Testing sending to the HS network and Internet.[m

Host applesauce trying to send datagram (with next hop = 10.0.0.1): IPv4, len=30, protocol=6, src=10.0.0.2, dst=143.195.131.17 payload="random payload: {2107576323}"
Transferring frame from applesauce to router.eth0: dst=02:00:00:ef:22:3a, src=1e:88:63:8f:b7:c8, type=IPv4 IPv4, len=30, protocol=6, src=10.0.0.2, dst=143.195.131.17 payload="random payload: {2107576323}"
Transferring frame from router.hs4 to hs_router: dst=ff:ff:ff:ff:ff:ff, src=02:00:00:1b:4e:e7, type=ARP opcode=REQUEST, sender=02:00:00:1b:4e:e7/143.195.0.2, target=00:00:00:00:00:00/143.195.0.1
Transferring frame from hs_router to router.hs4: dst=02:00:00:1b:4e:e7, src=fa:c3:e4:ec:22:16, type=ARP opcode=REPLY, sender=fa:c3:e4:ec:22:16/143.195.0.1, target=02:00:00:1b:4e:e7/143.195.0.2
Transferring frame from router.hs4 to hs_router: dst=fa:c3:e4:ec:22:16, src=02:00:00:1b:4e:e7, type=IPv4 IPv4, len=30, protocol=6, src=10.0.0.2, dst=143.195.131.17 payload="random payload: {2107576323}"
Host cherrypie trying to send datagram (with next hop = 192.168.0.1): IPv4, len=30, protocol=6, src=192.168.0.2, dst=143.195.193.52 payload="random payload: {1087198519}"
Transferring frame from cherrypie to router.eth2: dst=02:00:00:b6:a5:76, src=72:ea:9b:58:86:4e, type=IPv4 IPv4, len=30, protocol=6, src=192.168.0.2, dst=143.195.193.52 payload="random payload: {1087198519}"
Transferring frame from router.hs4 to hs_router: dst=fa:c3:e4:ec:22:16, src=02:00:00:1b:4e:e7, type=IPv4 IPv4, len=30, protocol=6, src=192.168.0.2, dst=143.195.193.52 payload="random payload: {1087198519}"
Host cherrypie trying to send datagram (with next hop = 192.168.0.1): IPv4, len=2f, protocol=6, src=192.168.0.2, dst=143.195.223.255 payload="random payload: {578978207}"
Transferring frame from cherrypie to router.eth2: dst=02:00:00:b6:a5:76, src=72:ea:9b:58:86:4e, type=IPv4 IPv4, len=2f, protocol=6, src=192.168.0.2, dst=143.195.223.255 payload="random payload: {578978207}"
Transferring frame from router.hs4 to hs_router: dst=fa:c3:e4:ec:22:16, src=02:00:00:1b:4e:e7, type=IPv4 IPv4, len=2f, protocol=6, src=192.168.0.2, dst=143.195.223.255 payload="random payload: {578978207}"
Host cherrypie trying to send datagram (with next hop = 192.168.0.1): IPv4, len=30, protocol=6, src=192.168.0.2, dst=143.195.224.0 payload="random payload: {2534542447}"
Transferring frame from cherrypie to router.eth2: dst=02:00:00:b6:a5:76, src=72:ea:9b:58:86:4e, type=IPv4 IPv4, len=30, protocol=6, src=192.168.0.2, dst=143.195.224.0 payload="random payload: {2534542447}"
Transferring frame from router.default to default_router: dst=4e:09:1f:62:b5:93, src=02:00:00:0a:f1:e1, type=IPv4 IPv4, len=30, protocol=6, src=192.168.0.2, dst=143.195.224.0 payload="random payload: {2534542447}"
[32;1m

Success! Testing two hosts on the same network (dm42 to dm43)...[m

Host dm42 trying to send datagram (with next hop = 198.178.229.1): IPv4, len=30, protocol=6, src=198.178.229.42, dst=198.178.229.43 payload="random payload: {3340517707}"
Transferring frame from dm42 to router.uun3: dst=ff:ff:ff:ff:ff:ff, src=1a:cb:a5:a1:d9:df, type=ARP opcode=REQUEST, sender=1a:cb:a5:a1:d9:df/198.178.229.42, target=00:00:00:00:00:00/198.178.229.1
Transferring frame from dm42 to dm43: dst=ff:ff:ff:ff:ff:ff, src=1a:cb:a5:a1:d9:df, type=ARP opcode=REQUEST, sender=1a:cb:a5:a1:d9:df/198.178.229.42, target=00:00:00:00:00:00/198.178.229.1
Transferring frame from router.uun3 to dm42: dst=1a:cb:a5:a1:d9:df, src=02:00:00:72:01:d6, type=ARP opcode=REPLY, sender=02:00:00:72:01:d6/198.178.229.1, target=1a:cb:a5:a1:d9:df/198.178.229.42
Transferring frame from router.uun3 to dm43: dst=1a:cb:a5:a1:d9:df, src=02:00:00:72:01:d6, type=ARP opcode=REPLY, sender=02:00:00:72:01:d6/198.178.229.1, target=1a:cb:a5:a1:d9:df/198.178.229.42
Transferring frame from dm42 to router.uun3: dst=02:00:00:72:01:d6, src=1a:cb:a5:a1:d9:df, type=IPv4 IPv4, len=30, protocol=6, src=198.178.229.42, dst=198.178.229.43 payload="random payload: {3340517707}"
Transferring frame from dm42 to dm43: dst=02:00:00:72:01:d6, src=1a:cb:a5:a1:d9:df, type=IPv4 IPv4, len=30, protocol=6, src=198.178.229.42, dst=198.178.229.43 payload="random payload: {3340517707}"
Transferring frame from router.uun3 to dm42: dst=ff:ff:ff:ff:ff:ff, src=02:00:00:72:01:d6, type=ARP opcode=REQUEST, sender=02:00:00:72:01:d6/198.178.229.1, target=00:00:00:00:00:00/198.178.229.43
Transferring frame from router.uun3 to dm43: dst=ff:ff:ff:ff:ff:ff, src=02:00:00:72:01:d6, type=ARP opcode=REQUEST, sender=02:00:00:72:01:d6/198.178.229.1, target=00:00:00:00:00:00/198.178.229.43
Transferring frame from dm43 to router.uun3: dst=02:00:00:72:01:d6, src=56:53:da:22:f6:74, type=ARP opcode=REPLY, sender=56:53:da:22:f6:74/198.178.229.43, target=02:00:00:72:01:d6/198.178.229.1
Transferring frame from dm43 to dm42: dst=02:00:00:72:01:d6, src=56:53:da:22:f6:74, type=ARP opcode=REPLY, sender=56:53:da:22:f6:74/198.178.229.43, target=02:00:00:72:01:d6/198.178.229.1
Transferring frame from router.uun3 to dm42: dst=56:53:da:22:f6:74, src=02:00:00:72:01:d6, type=IPv4 IPv4, len=30, protocol=6, src=198.178.229.42, dst=198.178.229.43 payload="random payload: {3340517707}"
Transferring frame from router.uun3 to dm43: dst=56:53:da:22:f6:74, src=02:00:00:72:01:d6, type=IPv4 IPv4, len=30, protocol=6, src=198.178.229.42, dst=198.178.229.43 payload="random payload: {3340517707}"
[32;1m

Success! Testing TTL expiration...[m

Host applesauce trying to send datagram (with next hop = 10.0.0.1): IPv4, len=30, protocol=6, ttl=1, src=10.0.0.2, dst=1.2.3.4 payload="random payload: {2850078564}"
Transferring frame from applesauce to router.eth0: dst=02:00:00:ef:22:3a, src=1e:88:63:8f:b7:c8, type=IPv4 IPv4, len=30, protocol=6, ttl=1, src=10.0.0.2, dst=1.2.3.4 payload="random payload: {2850078564}"
Host applesauce trying to send datagram (with next hop = 10.0.0.1): IPv4, len=2f, protocol=6, ttl=0, src=10.0.0.2, dst=1.2.3.4 payload="random payload: {961562875}"
Transferring frame from applesauce to router.eth0: dst=02:00:00:ef:22:3a, src=1e:88:63:8f:b7:c8, type=IPv4 IPv4, len=2f, protocol=6, ttl=0, src=10.0.0.2, dst=1.2.3.4 payload="random payload: {961562875}"


[32;1mCongratulations! All datagrams were routed successfully.[m
<end of output>
Test time =   0.01 sec
----------------------------------------------------------
Test Passed.
"router_test" end time: Aug 28 10:56 CST
"router_test" time elapsed: 00:00:00
----------------------------------------------------------

End testing: Aug 28 10:56 CST
