<?xml version="1.0" encoding="UTF-8"?>
<Site BuildName="(empty)"
	BuildStamp="20230812-0303-Experimental"
	Name="(empty)"
	Generator="ctest-3.16.3"
	CompilerName=""
	CompilerVersion=""
	OSName="Linux"
	Hostname="cs144"
	OSRelease="5.15.0-78-generic"
	OSVersion="#85~20.04.1-Ubuntu SMP Mon Jul 17 09:42:39 UTC 2023"
	OSPlatform="x86_64"
	Is64Bits="1"
	VendorString="AuthenticAMD"
	VendorID="Advanced Micro Devices"
	FamilyID="25"
	ModelID="80"
	ProcessorCacheSize="512"
	NumberOfLogicalCPU="1"
	NumberOfPhysicalCPU="1"
	TotalVirtualMemory="2047"
	TotalPhysicalMemory="957"
	LogicalProcessorsPerPhysical="1"
	ProcessorClockFrequency="3194"
	>
	<Testing>
		<StartDateTime>Aug 12 11:03 CST</StartDateTime>
		<StartTestTime>1691809418</StartTestTime>
		<TestList/>
		<EndDateTime>Aug 12 11:03 CST</EndDateTime>
		<EndTestTime>1691809418</EndTestTime>
		<ElapsedMinutes>0</ElapsedMinutes>
	</Testing>
</Site>
